<?xml version="1.0" encoding="UTF-8"?>
<coverage generated="1787866710056" clover="3.2.0">
  <project timestamp="1787866710056" name="All files">
    <metrics statements="405" coveredstatements="304" conditionals="160" coveredconditionals="92" methods="104" coveredmethods="88" elements="669" coveredelements="484" complexity="0" loc="405" ncloc="405" packages="8" files="58" classes="58"/>
    <package name="calculations">
      <metrics statements="29" coveredstatements="29" conditionals="18" coveredconditionals="18" methods="11" coveredmethods="11"/>
      <file name="buildGeneratedPackageJson.ts" path="/Users/u1366581/CODE/github/monorepo/packages/framework/http/tools/create-http/src/calculations/buildGeneratedPackageJson.ts">
        <metrics statements="3" coveredstatements="3" conditionals="4" coveredconditionals="4" methods="1" coveredmethods="1"/>
        <line num="4" count="3" type="stmt"/>
        <line num="11" count="3" type="stmt"/>
        <line num="28" count="4" type="stmt"/>
      </file>
      <file name="getBuildCommand.ts" path="/Users/u1366581/CODE/github/monorepo/packages/framework/http/tools/create-http/src/calculations/getBuildCommand.ts">
        <metrics statements="4" coveredstatements="4" conditionals="3" coveredconditionals="3" methods="1" coveredmethods="1"/>
        <line num="7" count="3" type="cond" truecount="3" falsecount="0"/>
        <line num="9" count="1" type="stmt"/>
        <line num="14" count="1" type="stmt"/>
        <line num="19" count="1" type="stmt"/>
      </file>
      <file name="getInstallCommand.ts" path="/Users/u1366581/CODE/github/monorepo/packages/framework/http/tools/create-http/src/calculations/getInstallCommand.ts">
        <metrics statements="4" coveredstatements="4" conditionals="3" coveredconditionals="3" methods="1" coveredmethods="1"/>
        <line num="7" count="3" type="cond" truecount="3" falsecount="0"/>
        <line num="9" count="1" type="stmt"/>
        <line num="14" count="1" type="stmt"/>
        <line num="19" count="1" type="stmt"/>
      </file>
      <file name="getTemplatesRoot.ts" path="/Users/u1366581/CODE/github/monorepo/packages/framework/http/tools/create-http/src/calculations/getTemplatesRoot.ts">
        <metrics statements="3" coveredstatements="3" conditionals="0" coveredconditionals="0" methods="2" coveredmethods="2"/>
        <line num="5" count="3" type="stmt"/>
        <line num="7" count="3" type="stmt"/>
        <line num="11" count="3" type="stmt"/>
      </file>
      <file name="isMissingGitIdentityError.ts" path="/Users/u1366581/CODE/github/monorepo/packages/framework/http/tools/create-http/src/calculations/isMissingGitIdentityError.ts">
        <metrics statements="3" coveredstatements="3" conditionals="4" coveredconditionals="4" methods="1" coveredmethods="1"/>
        <line num="2" count="4" type="cond" truecount="2" falsecount="0"/>
        <line num="3" count="1" type="stmt"/>
        <line num="6" count="3" type="stmt"/>
      </file>
      <file name="readYarnBerryVersion.ts" path="/Users/u1366581/CODE/github/monorepo/packages/framework/http/tools/create-http/src/calculations/readYarnBerryVersion.ts">
        <metrics statements="3" coveredstatements="3" conditionals="0" coveredconditionals="0" methods="1" coveredmethods="1"/>
        <line num="9" count="3" type="stmt"/>
        <line num="13" count="3" type="stmt"/>
        <line num="17" count="3" type="stmt"/>
      </file>
      <file name="resolvePackageManagerVersion.ts" path="/Users/u1366581/CODE/github/monorepo/packages/framework/http/tools/create-http/src/calculations/resolvePackageManagerVersion.ts">
        <metrics statements="3" coveredstatements="3" conditionals="2" coveredconditionals="2" methods="1" coveredmethods="1"/>
        <line num="9" count="5" type="cond" truecount="2" falsecount="0"/>
        <line num="10" count="2" type="stmt"/>
        <line num="13" count="3" type="stmt"/>
      </file>
      <file name="resolveProjectPath.ts" path="/Users/u1366581/CODE/github/monorepo/packages/framework/http/tools/create-http/src/calculations/resolveProjectPath.ts">
        <metrics statements="6" coveredstatements="6" conditionals="2" coveredconditionals="2" methods="3" coveredmethods="3"/>
        <line num="3" count="3" type="stmt"/>
        <line num="4" count="3" type="stmt"/>
        <line num="7" count="3" type="stmt"/>
        <line num="11" count="5" type="stmt"/>
        <line num="21" count="5" type="cond" truecount="2" falsecount="0"/>
        <line num="25" count="4" type="stmt"/>
      </file>
    </package>
    <package name="cli">
      <metrics statements="91" coveredstatements="3" conditionals="46" coveredconditionals="0" methods="10" coveredmethods="0"/>
      <file name="createHttpCommand.ts" path="/Users/u1366581/CODE/github/monorepo/packages/framework/http/tools/create-http/src/cli/createHttpCommand.ts">
        <metrics statements="91" coveredstatements="3" conditionals="46" coveredconditionals="0" methods="10" coveredmethods="0"/>
        <line num="28" count="1" type="stmt"/>
        <line num="33" count="1" type="stmt"/>
        <line num="61" count="0" type="stmt"/>
        <line num="68" count="0" type="stmt"/>
        <line num="75" count="0" type="stmt"/>
        <line num="84" count="0" type="cond" truecount="0" falsecount="2"/>
        <line num="85" count="0" type="cond" truecount="0" falsecount="2"/>
        <line num="86" count="0" type="stmt"/>
        <line num="89" count="0" type="stmt"/>
        <line num="92" count="0" type="stmt"/>
        <line num="94" count="0" type="stmt"/>
        <line num="100" count="0" type="cond" truecount="0" falsecount="2"/>
        <line num="101" count="0" type="stmt"/>
        <line num="102" count="0" type="stmt"/>
        <line num="105" count="0" type="cond" truecount="0" falsecount="2"/>
        <line num="106" count="0" type="stmt"/>
        <line num="111" count="0" type="stmt"/>
        <line num="117" count="0" type="cond" truecount="0" falsecount="2"/>
        <line num="118" count="0" type="cond" truecount="0" falsecount="2"/>
        <line num="119" count="0" type="stmt"/>
        <line num="122" count="0" type="stmt"/>
        <line num="125" count="0" type="stmt"/>
        <line num="127" count="0" type="stmt"/>
        <line num="133" count="0" type="cond" truecount="0" falsecount="2"/>
        <line num="134" count="0" type="stmt"/>
        <line num="135" count="0" type="stmt"/>
        <line num="138" count="0" type="cond" truecount="0" falsecount="2"/>
        <line num="139" count="0" type="stmt"/>
        <line num="144" count="0" type="stmt"/>
        <line num="150" count="0" type="cond" truecount="0" falsecount="2"/>
        <line num="151" count="0" type="cond" truecount="0" falsecount="2"/>
        <line num="152" count="0" type="stmt"/>
        <line num="155" count="0" type="stmt"/>
        <line num="158" count="0" type="stmt"/>
        <line num="161" count="0" type="stmt"/>
        <line num="167" count="0" type="cond" truecount="0" falsecount="2"/>
        <line num="168" count="0" type="stmt"/>
        <line num="169" count="0" type="stmt"/>
        <line num="172" count="0" type="cond" truecount="0" falsecount="2"/>
        <line num="173" count="0" type="stmt"/>
        <line num="178" count="0" type="stmt"/>
        <line num="181" count="1" type="stmt"/>
        <line num="189" count="0" type="stmt"/>
        <line num="191" count="0" type="cond" truecount="0" falsecount="2"/>
        <line num="192" count="0" type="stmt"/>
        <line num="195" count="0" type="stmt"/>
        <line num="197" count="0" type="stmt"/>
        <line num="201" count="0" type="cond" truecount="0" falsecount="2"/>
        <line num="202" count="0" type="stmt"/>
        <line num="205" count="0" type="stmt"/>
        <line num="206" count="0" type="stmt"/>
        <line num="210" count="0" type="cond" truecount="0" falsecount="2"/>
        <line num="211" count="0" type="stmt"/>
        <line num="214" count="0" type="stmt"/>
        <line num="215" count="0" type="stmt"/>
        <line num="219" count="0" type="cond" truecount="0" falsecount="2"/>
        <line num="220" count="0" type="stmt"/>
        <line num="223" count="0" type="stmt"/>
        <line num="225" count="0" type="stmt"/>
        <line num="228" count="0" type="stmt"/>
        <line num="230" count="0" type="stmt"/>
        <line num="231" count="0" type="stmt"/>
        <line num="237" count="0" type="stmt"/>
        <line num="239" count="0" type="stmt"/>
        <line num="240" count="0" type="stmt"/>
        <line num="243" count="0" type="stmt"/>
        <line num="245" count="0" type="stmt"/>
        <line num="246" count="0" type="stmt"/>
        <line num="247" count="0" type="stmt"/>
        <line num="249" count="0" type="stmt"/>
        <line num="252" count="0" type="stmt"/>
        <line num="254" count="0" type="stmt"/>
        <line num="255" count="0" type="stmt"/>
        <line num="256" count="0" type="stmt"/>
        <line num="258" count="0" type="stmt"/>
        <line num="259" count="0" type="stmt"/>
        <line num="262" count="0" type="stmt"/>
        <line num="264" count="0" type="stmt"/>
        <line num="265" count="0" type="stmt"/>
        <line num="266" count="0" type="stmt"/>
        <line num="268" count="0" type="stmt"/>
        <line num="269" count="0" type="stmt"/>
        <line num="272" count="0" type="stmt"/>
        <line num="274" count="0" type="stmt"/>
        <line num="275" count="0" type="stmt"/>
        <line num="276" count="0" type="stmt"/>
        <line num="278" count="0" type="cond" truecount="0" falsecount="2"/>
        <line num="279" count="0" type="stmt"/>
        <line num="281" count="0" type="stmt"/>
        <line num="282" count="0" type="stmt"/>
        <line num="286" count="0" type="stmt"/>
      </file>
    </package>
    <package name="dependencies.calculations">
      <metrics statements="15" coveredstatements="14" conditionals="6" coveredconditionals="4" methods="5" coveredmethods="5"/>
      <file name="composeScaffoldDependencies.ts" path="/Users/u1366581/CODE/github/monorepo/packages/framework/http/tools/create-http/src/dependencies/calculations/composeScaffoldDependencies.ts">
        <metrics statements="5" coveredstatements="5" conditionals="4" coveredconditionals="3" methods="1" coveredmethods="1"/>
        <line num="27" count="4" type="stmt"/>
        <line num="29" count="4" type="stmt"/>
        <line num="31" count="4" type="stmt"/>
        <line num="36" count="4" type="stmt"/>
        <line num="42" count="4" type="stmt"/>
      </file>
      <file name="dependencyCatalogUtils.ts" path="/Users/u1366581/CODE/github/monorepo/packages/framework/http/tools/create-http/src/dependencies/calculations/dependencyCatalogUtils.ts">
        <metrics statements="10" coveredstatements="9" conditionals="2" coveredconditionals="1" methods="4" coveredmethods="4"/>
        <line num="5" count="8" type="stmt"/>
        <line num="7" count="8" type="stmt"/>
        <line num="8" count="116" type="stmt"/>
        <line num="10" count="116" type="cond" truecount="1" falsecount="1"/>
        <line num="11" count="0" type="stmt"/>
        <line num="14" count="116" type="stmt"/>
        <line num="17" count="8" type="stmt"/>
        <line num="23" count="8" type="stmt"/>
        <line num="29" count="8" type="stmt"/>
        <line num="39" count="216" type="stmt"/>
      </file>
    </package>
    <package name="dependencies.models">
      <metrics statements="4" coveredstatements="4" conditionals="0" coveredconditionals="0" methods="0" coveredmethods="0"/>
      <file name="DbAdapterDependencySpecs.ts" path="/Users/u1366581/CODE/github/monorepo/packages/framework/http/tools/create-http/src/dependencies/models/DbAdapterDependencySpecs.ts">
        <metrics statements="1" coveredstatements="1" conditionals="0" coveredconditionals="0" methods="0" coveredmethods="0"/>
        <line num="11" count="4" type="stmt"/>
      </file>
      <file name="HttpAdapterDependencySpecs.ts" path="/Users/u1366581/CODE/github/monorepo/packages/framework/http/tools/create-http/src/dependencies/models/HttpAdapterDependencySpecs.ts">
        <metrics statements="3" coveredstatements="3" conditionals="0" coveredconditionals="0" methods="0" coveredmethods="0"/>
        <line num="12" count="4" type="stmt"/>
        <line num="30" count="4" type="stmt"/>
        <line num="48" count="4" type="stmt"/>
      </file>
    </package>
    <package name="generation.calculations">
      <metrics statements="129" coveredstatements="127" conditionals="65" coveredconditionals="50" methods="47" coveredmethods="47"/>
      <file name="createBootstrapSourceModel.ts" path="/Users/u1366581/CODE/github/monorepo/packages/framework/http/tools/create-http/src/generation/calculations/createBootstrapSourceModel.ts">
        <metrics statements="9" coveredstatements="9" conditionals="5" coveredconditionals="5" methods="1" coveredmethods="1"/>
        <line num="13" count="4" type="stmt"/>
        <line num="16" count="4" type="stmt"/>
        <line num="19" count="4" type="stmt"/>
        <line num="22" count="4" type="stmt"/>
        <line num="24" count="4" type="stmt"/>
        <line num="34" count="4" type="stmt"/>
        <line num="85" count="11" type="stmt"/>
        <line num="87" count="11" type="stmt"/>
        <line num="89" count="11" type="stmt"/>
      </file>
      <file name="createPnpmWorkspaceSourceModel.ts" path="/Users/u1366581/CODE/github/monorepo/packages/framework/http/tools/create-http/src/generation/calculations/createPnpmWorkspaceSourceModel.ts">
        <metrics statements="2" coveredstatements="2" conditionals="2" coveredconditionals="2" methods="1" coveredmethods="1"/>
        <line num="4" count="3" type="stmt"/>
        <line num="13" count="3" type="stmt"/>
      </file>
      <file name="createTodoControllerSourceModel.ts" path="/Users/u1366581/CODE/github/monorepo/packages/framework/http/tools/create-http/src/generation/calculations/createTodoControllerSourceModel.ts">
        <metrics statements="6" coveredstatements="6" conditionals="2" coveredconditionals="2" methods="1" coveredmethods="1"/>
        <line num="9" count="4" type="stmt"/>
        <line num="16" count="4" type="stmt"/>
        <line num="34" count="4" type="stmt"/>
        <line num="44" count="8" type="cond" truecount="2" falsecount="0"/>
        <line num="46" count="2" type="stmt"/>
        <line num="57" count="6" type="stmt"/>
      </file>
      <file name="createYarnRcSourceModel.ts" path="/Users/u1366581/CODE/github/monorepo/packages/framework/http/tools/create-http/src/generation/calculations/createYarnRcSourceModel.ts">
        <metrics statements="6" coveredstatements="6" conditionals="4" coveredconditionals="3" methods="2" coveredmethods="2"/>
        <line num="11" count="3" type="stmt"/>
        <line num="17" count="10" type="stmt"/>
        <line num="20" count="3" type="stmt"/>
        <line num="22" count="3" type="stmt"/>
        <line num="23" count="10" type="stmt"/>
        <line num="28" count="3" type="stmt"/>
      </file>
      <file name="generateBootstrapSource.ts" path="/Users/u1366581/CODE/github/monorepo/packages/framework/http/tools/create-http/src/generation/calculations/generateBootstrapSource.ts">
        <metrics statements="23" coveredstatements="23" conditionals="16" coveredconditionals="13" methods="3" coveredmethods="3"/>
        <line num="21" count="61" type="stmt"/>
        <line num="33" count="58" type="stmt"/>
        <line num="53" count="7" type="stmt"/>
        <line num="61" count="7" type="stmt"/>
        <line num="63" count="7" type="stmt"/>
        <line num="64" count="61" type="stmt"/>
        <line num="67" count="7" type="stmt"/>
        <line num="77" count="7" type="stmt"/>
        <line num="82" count="7" type="stmt"/>
        <line num="87" count="7" type="stmt"/>
        <line num="92" count="7" type="stmt"/>
        <line num="97" count="7" type="stmt"/>
        <line num="102" count="7" type="stmt"/>
        <line num="107" count="7" type="stmt"/>
        <line num="112" count="7" type="stmt"/>
        <line num="145" count="7" type="stmt"/>
        <line num="150" count="7" type="stmt"/>
        <line num="165" count="7" type="stmt"/>
        <line num="172" count="7" type="stmt"/>
        <line num="181" count="7" type="cond" truecount="2" falsecount="0"/>
        <line num="185" count="7" type="stmt"/>
        <line num="218" count="7" type="stmt"/>
        <line num="226" count="7" type="stmt"/>
      </file>
      <file name="generateBuilderSource.ts" path="/Users/u1366581/CODE/github/monorepo/packages/framework/http/tools/create-http/src/generation/calculations/generateBuilderSource.ts">
        <metrics statements="1" coveredstatements="1" conditionals="0" coveredconditionals="0" methods="1" coveredmethods="1"/>
        <line num="2" count="3" type="stmt"/>
      </file>
      <file name="generateCreateTodoV1RequestBodySource.ts" path="/Users/u1366581/CODE/github/monorepo/packages/framework/http/tools/create-http/src/generation/calculations/generateCreateTodoV1RequestBodySource.ts">
        <metrics statements="1" coveredstatements="1" conditionals="0" coveredconditionals="0" methods="1" coveredmethods="1"/>
        <line num="2" count="3" type="stmt"/>
      </file>
      <file name="generateIndexSource.ts" path="/Users/u1366581/CODE/github/monorepo/packages/framework/http/tools/create-http/src/generation/calculations/generateIndexSource.ts">
        <metrics statements="1" coveredstatements="1" conditionals="0" coveredconditionals="0" methods="1" coveredmethods="1"/>
        <line num="2" count="3" type="stmt"/>
      </file>
      <file name="generateLoggerContainerModuleSource.ts" path="/Users/u1366581/CODE/github/monorepo/packages/framework/http/tools/create-http/src/generation/calculations/generateLoggerContainerModuleSource.ts">
        <metrics statements="1" coveredstatements="1" conditionals="0" coveredconditionals="0" methods="1" coveredmethods="1"/>
        <line num="2" count="3" type="stmt"/>
      </file>
      <file name="generateLoggerFactoryIdentifierSource.ts" path="/Users/u1366581/CODE/github/monorepo/packages/framework/http/tools/create-http/src/generation/calculations/generateLoggerFactoryIdentifierSource.ts">
        <metrics statements="1" coveredstatements="1" conditionals="0" coveredconditionals="0" methods="1" coveredmethods="1"/>
        <line num="2" count="3" type="stmt"/>
      </file>
      <file name="generatePaginatedTodosV1ResponseSource.ts" path="/Users/u1366581/CODE/github/monorepo/packages/framework/http/tools/create-http/src/generation/calculations/generatePaginatedTodosV1ResponseSource.ts">
        <metrics statements="1" coveredstatements="1" conditionals="0" coveredconditionals="0" methods="1" coveredmethods="1"/>
        <line num="2" count="3" type="stmt"/>
      </file>
      <file name="generatePnpmWorkspaceSource.ts" path="/Users/u1366581/CODE/github/monorepo/packages/framework/http/tools/create-http/src/generation/calculations/generatePnpmWorkspaceSource.ts">
        <metrics statements="10" coveredstatements="10" conditionals="4" coveredconditionals="4" methods="2" coveredmethods="2"/>
        <line num="4" count="9" type="cond" truecount="2" falsecount="0"/>
        <line num="5" count="3" type="stmt"/>
        <line num="8" count="6" type="stmt"/>
        <line num="14" count="3" type="stmt"/>
        <line num="19" count="3" type="stmt"/>
        <line num="20" count="9" type="stmt"/>
        <line num="23" count="3" type="cond" truecount="2" falsecount="0"/>
        <line num="24" count="1" type="stmt"/>
        <line num="27" count="1" type="stmt"/>
        <line num="30" count="3" type="stmt"/>
      </file>
      <file name="generatePrismaTodoPersistenceAdapterSource.ts" path="/Users/u1366581/CODE/github/monorepo/packages/framework/http/tools/create-http/src/generation/calculations/generatePrismaTodoPersistenceAdapterSource.ts">
        <metrics statements="1" coveredstatements="1" conditionals="0" coveredconditionals="0" methods="1" coveredmethods="1"/>
        <line num="2" count="3" type="stmt"/>
      </file>
      <file name="generateStatusContainerModuleSource.ts" path="/Users/u1366581/CODE/github/monorepo/packages/framework/http/tools/create-http/src/generation/calculations/generateStatusContainerModuleSource.ts">
        <metrics statements="1" coveredstatements="1" conditionals="0" coveredconditionals="0" methods="1" coveredmethods="1"/>
        <line num="2" count="3" type="stmt"/>
      </file>
      <file name="generateStatusControllerSource.ts" path="/Users/u1366581/CODE/github/monorepo/packages/framework/http/tools/create-http/src/generation/calculations/generateStatusControllerSource.ts">
        <metrics statements="1" coveredstatements="1" conditionals="0" coveredconditionals="0" methods="1" coveredmethods="1"/>
        <line num="2" count="3" type="stmt"/>
      </file>
      <file name="generateStatusDomainModelSource.ts" path="/Users/u1366581/CODE/github/monorepo/packages/framework/http/tools/create-http/src/generation/calculations/generateStatusDomainModelSource.ts">
        <metrics statements="1" coveredstatements="1" conditionals="0" coveredconditionals="0" methods="1" coveredmethods="1"/>
        <line num="2" count="3" type="stmt"/>
      </file>
      <file name="generateStatusV1FromStatusBuilderSource.ts" path="/Users/u1366581/CODE/github/monorepo/packages/framework/http/tools/create-http/src/generation/calculations/generateStatusV1FromStatusBuilderSource.ts">
        <metrics statements="1" coveredstatements="1" conditionals="0" coveredconditionals="0" methods="1" coveredmethods="1"/>
        <line num="2" count="3" type="stmt"/>
      </file>
      <file name="generateStatusV1Source.ts" path="/Users/u1366581/CODE/github/monorepo/packages/framework/http/tools/create-http/src/generation/calculations/generateStatusV1Source.ts">
        <metrics statements="1" coveredstatements="1" conditionals="0" coveredconditionals="0" methods="1" coveredmethods="1"/>
        <line num="2" count="3" type="stmt"/>
      </file>
      <file name="generateTodoContainerModuleSource.ts" path="/Users/u1366581/CODE/github/monorepo/packages/framework/http/tools/create-http/src/generation/calculations/generateTodoContainerModuleSource.ts">
        <metrics statements="1" coveredstatements="1" conditionals="0" coveredconditionals="0" methods="1" coveredmethods="1"/>
        <line num="2" count="3" type="stmt"/>
      </file>
      <file name="generateTodoControllerSource.ts" path="/Users/u1366581/CODE/github/monorepo/packages/framework/http/tools/create-http/src/generation/calculations/generateTodoControllerSource.ts">
        <metrics statements="51" coveredstatements="49" conditionals="32" coveredconditionals="21" methods="15" coveredmethods="15"/>
        <line num="28" count="1" type="stmt"/>
        <line num="40" count="1" type="stmt"/>
        <line num="60" count="2" type="stmt"/>
        <line num="62" count="2" type="cond" truecount="1" falsecount="1"/>
        <line num="63" count="2" type="stmt"/>
        <line num="66" count="2" type="cond" truecount="1" falsecount="1"/>
        <line num="67" count="2" type="stmt"/>
        <line num="70" count="2" type="cond" truecount="2" falsecount="0"/>
        <line num="71" count="1" type="cond" truecount="1" falsecount="1"/>
        <line num="72" count="0" type="stmt"/>
        <line num="74" count="1" type="stmt"/>
        <line num="75" count="1" type="stmt"/>
        <line num="80" count="2" type="cond" truecount="1" falsecount="1"/>
        <line num="81" count="0" type="stmt"/>
        <line num="84" count="2" type="cond" truecount="1" falsecount="1"/>
        <line num="85" count="2" type="stmt"/>
        <line num="88" count="2" type="stmt"/>
        <line num="96" count="20" type="stmt"/>
        <line num="98" count="20" type="cond" truecount="2" falsecount="0"/>
        <line num="99" count="18" type="stmt"/>
        <line num="102" count="2" type="stmt"/>
        <line num="115" count="20" type="stmt"/>
        <line num="117" count="20" type="cond" truecount="2" falsecount="0"/>
        <line num="118" count="16" type="stmt"/>
        <line num="121" count="4" type="stmt"/>
        <line num="128" count="4" type="stmt"/>
        <line num="130" count="1" type="cond" truecount="2" falsecount="0"/>
        <line num="137" count="4" type="stmt"/>
        <line num="207" count="4" type="stmt"/>
        <line num="284" count="4" type="stmt"/>
        <line num="364" count="4" type="stmt"/>
        <line num="457" count="4" type="stmt"/>
        <line num="567" count="4" type="stmt"/>
        <line num="575" count="4" type="stmt"/>
        <line num="577" count="4" type="stmt"/>
        <line num="592" count="4" type="stmt"/>
        <line num="593" count="1" type="stmt"/>
        <line num="596" count="4" type="stmt"/>
        <line num="610" count="4" type="stmt"/>
        <line num="619" count="4" type="stmt"/>
        <line num="624" count="4" type="stmt"/>
        <line num="630" count="4" type="stmt"/>
        <line num="640" count="4" type="stmt"/>
        <line num="645" count="4" type="stmt"/>
        <line num="650" count="4" type="stmt"/>
        <line num="655" count="4" type="stmt"/>
        <line num="660" count="4" type="stmt"/>
        <line num="665" count="4" type="stmt"/>
        <line num="670" count="4" type="stmt"/>
        <line num="686" count="4" type="stmt"/>
        <line num="741" count="4" type="stmt"/>
      </file>
      <file name="generateTodoDomainModelSource.ts" path="/Users/u1366581/CODE/github/monorepo/packages/framework/http/tools/create-http/src/generation/calculations/generateTodoDomainModelSource.ts">
        <metrics statements="1" coveredstatements="1" conditionals="0" coveredconditionals="0" methods="1" coveredmethods="1"/>
        <line num="2" count="3" type="stmt"/>
      </file>
      <file name="generateTodoFromPrismaTodoBuilderSource.ts" path="/Users/u1366581/CODE/github/monorepo/packages/framework/http/tools/create-http/src/generation/calculations/generateTodoFromPrismaTodoBuilderSource.ts">
        <metrics statements="1" coveredstatements="1" conditionals="0" coveredconditionals="0" methods="1" coveredmethods="1"/>
        <line num="2" count="3" type="stmt"/>
      </file>
      <file name="generateTodoPersistencePortIdentifierSource.ts" path="/Users/u1366581/CODE/github/monorepo/packages/framework/http/tools/create-http/src/generation/calculations/generateTodoPersistencePortIdentifierSource.ts">
        <metrics statements="1" coveredstatements="1" conditionals="0" coveredconditionals="0" methods="1" coveredmethods="1"/>
        <line num="2" count="2" type="stmt"/>
      </file>
      <file name="generateTodoPersistencePortSource.ts" path="/Users/u1366581/CODE/github/monorepo/packages/framework/http/tools/create-http/src/generation/calculations/generateTodoPersistencePortSource.ts">
        <metrics statements="1" coveredstatements="1" conditionals="0" coveredconditionals="0" methods="1" coveredmethods="1"/>
        <line num="2" count="3" type="stmt"/>
      </file>
      <file name="generateTodoPrismaContainerModuleSource.ts" path="/Users/u1366581/CODE/github/monorepo/packages/framework/http/tools/create-http/src/generation/calculations/generateTodoPrismaContainerModuleSource.ts">
        <metrics statements="1" coveredstatements="1" conditionals="0" coveredconditionals="0" methods="1" coveredmethods="1"/>
        <line num="2" count="3" type="stmt"/>
      </file>
      <file name="generateTodoV1FromTodoBuilderSource.ts" path="/Users/u1366581/CODE/github/monorepo/packages/framework/http/tools/create-http/src/generation/calculations/generateTodoV1FromTodoBuilderSource.ts">
        <metrics statements="1" coveredstatements="1" conditionals="0" coveredconditionals="0" methods="1" coveredmethods="1"/>
        <line num="2" count="3" type="stmt"/>
      </file>
      <file name="generateTodoV1Source.ts" path="/Users/u1366581/CODE/github/monorepo/packages/framework/http/tools/create-http/src/generation/calculations/generateTodoV1Source.ts">
        <metrics statements="1" coveredstatements="1" conditionals="0" coveredconditionals="0" methods="1" coveredmethods="1"/>
        <line num="2" count="3" type="stmt"/>
      </file>
      <file name="generateUpdateTodoV1RequestBodySource.ts" path="/Users/u1366581/CODE/github/monorepo/packages/framework/http/tools/create-http/src/generation/calculations/generateUpdateTodoV1RequestBodySource.ts">
        <metrics statements="1" coveredstatements="1" conditionals="0" coveredconditionals="0" methods="1" coveredmethods="1"/>
        <line num="2" count="3" type="stmt"/>
      </file>
      <file name="generateYarnRcSource.ts" path="/Users/u1366581/CODE/github/monorepo/packages/framework/http/tools/create-http/src/generation/calculations/generateYarnRcSource.ts">
        <metrics statements="1" coveredstatements="1" conditionals="0" coveredconditionals="0" methods="1" coveredmethods="1"/>
        <line num="2" count="2" type="stmt"/>
      </file>
    </package>
    <package name="generation.models">
      <metrics statements="2" coveredstatements="2" conditionals="0" coveredconditionals="0" methods="0" coveredmethods="0"/>
      <file name="HttpAdapterBootstrapSpecs.ts" path="/Users/u1366581/CODE/github/monorepo/packages/framework/http/tools/create-http/src/generation/models/HttpAdapterBootstrapSpecs.ts">
        <metrics statements="1" coveredstatements="1" conditionals="0" coveredconditionals="0" methods="0" coveredmethods="0"/>
        <line num="16" count="4" type="stmt"/>
      </file>
      <file name="scaffoldPrettierOptions.ts" path="/Users/u1366581/CODE/github/monorepo/packages/framework/http/tools/create-http/src/generation/models/scaffoldPrettierOptions.ts">
        <metrics statements="1" coveredstatements="1" conditionals="0" coveredconditionals="0" methods="0" coveredmethods="0"/>
        <line num="6" count="4" type="stmt"/>
      </file>
    </package>
    <package name="models">
      <metrics statements="15" coveredstatements="15" conditionals="0" coveredconditionals="0" methods="3" coveredmethods="3"/>
      <file name="DbAdapter.ts" path="/Users/u1366581/CODE/github/monorepo/packages/framework/http/tools/create-http/src/models/DbAdapter.ts">
        <metrics statements="4" coveredstatements="4" conditionals="0" coveredconditionals="0" methods="1" coveredmethods="1"/>
        <line num="1" count="7" type="stmt"/>
        <line num="2" count="7" type="stmt"/>
        <line num="5" count="7" type="stmt"/>
        <line num="7" count="7" type="stmt"/>
      </file>
      <file name="HttpAdapter.ts" path="/Users/u1366581/CODE/github/monorepo/packages/framework/http/tools/create-http/src/models/HttpAdapter.ts">
        <metrics statements="6" coveredstatements="6" conditionals="0" coveredconditionals="0" methods="1" coveredmethods="1"/>
        <line num="1" count="9" type="stmt"/>
        <line num="2" count="9" type="stmt"/>
        <line num="3" count="9" type="stmt"/>
        <line num="4" count="9" type="stmt"/>
        <line num="5" count="9" type="stmt"/>
        <line num="8" count="9" type="stmt"/>
      </file>
      <file name="PackageManager.ts" path="/Users/u1366581/CODE/github/monorepo/packages/framework/http/tools/create-http/src/models/PackageManager.ts">
        <metrics statements="5" coveredstatements="5" conditionals="0" coveredconditionals="0" methods="1" coveredmethods="1"/>
        <line num="1" count="6" type="stmt"/>
        <line num="2" count="6" type="stmt"/>
        <line num="3" count="6" type="stmt"/>
        <line num="4" count="6" type="stmt"/>
        <line num="7" count="6" type="stmt"/>
      </file>
    </package>
    <package name="services">
      <metrics statements="120" coveredstatements="110" conditionals="25" coveredconditionals="20" methods="28" coveredmethods="22"/>
      <file name="buildProject.ts" path="/Users/u1366581/CODE/github/monorepo/packages/framework/http/tools/create-http/src/services/buildProject.ts">
        <metrics statements="1" coveredstatements="0" conditionals="0" coveredconditionals="0" methods="1" coveredmethods="0"/>
        <line num="9" count="0" type="stmt"/>
      </file>
      <file name="createHttpApp.ts" path="/Users/u1366581/CODE/github/monorepo/packages/framework/http/tools/create-http/src/services/createHttpApp.ts">
        <metrics statements="53" coveredstatements="50" conditionals="17" coveredconditionals="14" methods="5" coveredmethods="5"/>
        <line num="36" count="2" type="stmt"/>
        <line num="37" count="2" type="stmt"/>
        <line num="39" count="0" type="cond" truecount="0" falsecount="2"/>
        <line num="40" count="0" type="stmt"/>
        <line num="45" count="2" type="cond" truecount="1" falsecount="1"/>
        <line num="50" count="2" type="stmt"/>
        <line num="53" count="0" type="stmt"/>
        <line num="63" count="16" type="stmt"/>
        <line num="64" count="16" type="stmt"/>
        <line num="69" count="16" type="stmt"/>
        <line num="70" count="16" type="stmt"/>
        <line num="79" count="2" type="stmt"/>
        <line num="80" count="2" type="stmt"/>
        <line num="85" count="2" type="stmt"/>
        <line num="89" count="4" type="stmt"/>
        <line num="91" count="4" type="stmt"/>
        <line num="97" count="2" type="stmt"/>
        <line num="98" count="2" type="stmt"/>
        <line num="99" count="2" type="stmt"/>
        <line num="101" count="2" type="stmt"/>
        <line num="102" count="2" type="stmt"/>
        <line num="104" count="2" type="stmt"/>
        <line num="107" count="2" type="stmt"/>
        <line num="110" count="2" type="stmt"/>
        <line num="112" count="2" type="stmt"/>
        <line num="113" count="2" type="stmt"/>
        <line num="119" count="2" type="stmt"/>
        <line num="126" count="2" type="cond" truecount="2" falsecount="0"/>
        <line num="131" count="2" type="stmt"/>
        <line num="143" count="2" type="stmt"/>
        <line num="145" count="2" type="stmt"/>
        <line num="151" count="2" type="stmt"/>
        <line num="157" count="2" type="stmt"/>
        <line num="158" count="2" type="stmt"/>
        <line num="164" count="2" type="stmt"/>
        <line num="170" count="2" type="stmt"/>
        <line num="176" count="2" type="stmt"/>
        <line num="177" count="2" type="stmt"/>
        <line num="178" count="2" type="stmt"/>
        <line num="184" count="2" type="stmt"/>
        <line num="186" count="2" type="cond" truecount="2" falsecount="0"/>
        <line num="187" count="1" type="stmt"/>
        <line num="196" count="2" type="cond" truecount="2" falsecount="0"/>
        <line num="197" count="1" type="stmt"/>
        <line num="203" count="2" type="stmt"/>
        <line num="204" count="2" type="stmt"/>
        <line num="209" count="2" type="stmt"/>
        <line num="210" count="2" type="stmt"/>
        <line num="211" count="2" type="stmt"/>
        <line num="212" count="2" type="stmt"/>
        <line num="216" count="2" type="stmt"/>
        <line num="220" count="2" type="stmt"/>
        <line num="222" count="2" type="stmt"/>
      </file>
      <file name="formatGeneratedProjectSources.ts" path="/Users/u1366581/CODE/github/monorepo/packages/framework/http/tools/create-http/src/services/formatGeneratedProjectSources.ts">
        <metrics statements="12" coveredstatements="12" conditionals="2" coveredconditionals="2" methods="5" coveredmethods="5"/>
        <line num="9" count="3" type="stmt"/>
        <line num="13" count="3" type="stmt"/>
        <line num="14" count="115" type="stmt"/>
        <line num="15" count="47" type="stmt"/>
        <line num="21" count="3" type="stmt"/>
        <line num="23" count="3" type="stmt"/>
        <line num="25" count="3" type="stmt"/>
        <line num="27" count="47" type="stmt"/>
        <line num="29" count="47" type="stmt"/>
        <line num="30" count="47" type="stmt"/>
        <line num="35" count="47" type="cond" truecount="2" falsecount="0"/>
        <line num="36" count="9" type="stmt"/>
      </file>
      <file name="initializeGitRepository.ts" path="/Users/u1366581/CODE/github/monorepo/packages/framework/http/tools/create-http/src/services/initializeGitRepository.ts">
        <metrics statements="3" coveredstatements="0" conditionals="0" coveredconditionals="0" methods="2" coveredmethods="0"/>
        <line num="6" count="0" type="stmt"/>
        <line num="18" count="0" type="stmt"/>
        <line num="26" count="0" type="stmt"/>
      </file>
      <file name="installProjectDependencies.ts" path="/Users/u1366581/CODE/github/monorepo/packages/framework/http/tools/create-http/src/services/installProjectDependencies.ts">
        <metrics statements="1" coveredstatements="0" conditionals="0" coveredconditionals="0" methods="1" coveredmethods="0"/>
        <line num="9" count="0" type="stmt"/>
      </file>
      <file name="runCommandInvocation.ts" path="/Users/u1366581/CODE/github/monorepo/packages/framework/http/tools/create-http/src/services/runCommandInvocation.ts">
        <metrics statements="19" coveredstatements="17" conditionals="6" coveredconditionals="4" methods="6" coveredmethods="4"/>
        <line num="10" count="2" type="stmt"/>
        <line num="11" count="2" type="stmt"/>
        <line num="13" count="2" type="stmt"/>
        <line num="15" count="2" type="stmt"/>
        <line num="26" count="2" type="stmt"/>
        <line num="27" count="0" type="stmt"/>
        <line num="30" count="2" type="stmt"/>
        <line num="31" count="1" type="stmt"/>
        <line num="34" count="2" type="stmt"/>
        <line num="35" count="0" type="stmt"/>
        <line num="38" count="2" type="stmt"/>
        <line num="39" count="2" type="cond" truecount="2" falsecount="0"/>
        <line num="40" count="1" type="stmt"/>
        <line num="41" count="1" type="stmt"/>
        <line num="44" count="1" type="stmt"/>
        <line num="47" count="1" type="stmt"/>
        <line num="50" count="1" type="cond" truecount="1" falsecount="1"/>
        <line num="51" count="2" type="stmt"/>
        <line num="56" count="2" type="stmt"/>
      </file>
      <file name="writeBootstrapSourceFile.ts" path="/Users/u1366581/CODE/github/monorepo/packages/framework/http/tools/create-http/src/services/writeBootstrapSourceFile.ts">
        <metrics statements="5" coveredstatements="5" conditionals="0" coveredconditionals="0" methods="1" coveredmethods="1"/>
        <line num="7" count="2" type="stmt"/>
        <line num="13" count="2" type="stmt"/>
        <line num="18" count="2" type="stmt"/>
        <line num="19" count="2" type="stmt"/>
        <line num="25" count="2" type="stmt"/>
      </file>
      <file name="writeCommonSourceFiles.ts" path="/Users/u1366581/CODE/github/monorepo/packages/framework/http/tools/create-http/src/services/writeCommonSourceFiles.ts">
        <metrics statements="4" coveredstatements="4" conditionals="0" coveredconditionals="0" methods="1" coveredmethods="1"/>
        <line num="6" count="2" type="stmt"/>
        <line num="11" count="2" type="stmt"/>
        <line num="13" count="2" type="stmt"/>
        <line num="14" count="2" type="stmt"/>
      </file>
      <file name="writeLoggerSourceFiles.ts" path="/Users/u1366581/CODE/github/monorepo/packages/framework/http/tools/create-http/src/services/writeLoggerSourceFiles.ts">
        <metrics statements="8" coveredstatements="8" conditionals="0" coveredconditionals="0" methods="1" coveredmethods="1"/>
        <line num="8" count="2" type="stmt"/>
        <line num="11" count="2" type="stmt"/>
        <line num="16" count="2" type="stmt"/>
        <line num="20" count="2" type="stmt"/>
        <line num="25" count="2" type="stmt"/>
        <line num="26" count="2" type="stmt"/>
        <line num="30" count="2" type="stmt"/>
        <line num="35" count="2" type="stmt"/>
      </file>
      <file name="writeStatusSourceFiles.ts" path="/Users/u1366581/CODE/github/monorepo/packages/framework/http/tools/create-http/src/services/writeStatusSourceFiles.ts">
        <metrics statements="5" coveredstatements="5" conditionals="0" coveredconditionals="0" methods="2" coveredmethods="2"/>
        <line num="10" count="2" type="stmt"/>
        <line num="30" count="2" type="stmt"/>
        <line num="36" count="10" type="stmt"/>
        <line num="38" count="10" type="stmt"/>
        <line num="39" count="10" type="stmt"/>
      </file>
      <file name="writeTodoSourceFiles.ts" path="/Users/u1366581/CODE/github/monorepo/packages/framework/http/tools/create-http/src/services/writeTodoSourceFiles.ts">
        <metrics statements="9" coveredstatements="9" conditionals="0" coveredconditionals="0" methods="3" coveredmethods="3"/>
        <line num="19" count="2" type="stmt"/>
        <line num="65" count="2" type="stmt"/>
        <line num="71" count="2" type="stmt"/>
        <line num="77" count="24" type="stmt"/>
        <line num="79" count="24" type="stmt"/>
        <line num="80" count="24" type="stmt"/>
        <line num="84" count="2" type="stmt"/>
        <line num="89" count="2" type="stmt"/>
        <line num="90" count="2" type="stmt"/>
      </file>
    </package>
  </project>
</coverage>
