{"/Users/u1366581/CODE/github/monorepo/packages/framework/http/tools/create-http/src/calculations/buildGeneratedPackageJson.ts": {"path":"/Users/u1366581/CODE/github/monorepo/packages/framework/http/tools/create-http/src/calculations/buildGeneratedPackageJson.ts","statementMap":{"0":{"start":{"line":4,"column":45},"end":{"line":9,"column":null}},"1":{"start":{"line":11,"column":70},"end":{"line":17,"column":null}},"2":{"start":{"line":28,"column":2},"end":{"line":44,"column":null}}},"fnMap":{"0":{"name":"buildGeneratedPackageJson","decl":{"start":{"line":19,"column":16},"end":{"line":19,"column":null}},"loc":{"start":{"line":27,"column":27},"end":{"line":45,"column":null}},"line":27}},"branchMap":{"0":{"loc":{"start":{"line":30,"column":8},"end":{"line":33,"column":null}},"type":"cond-expr","locations":[{"start":{"line":32,"column":8},"end":{"line":32,"column":null}},{"start":{"line":33,"column":8},"end":{"line":33,"column":null}}],"line":30},"1":{"loc":{"start":{"line":30,"column":8},"end":{"line":31,"column":null}},"type":"binary-expr","locations":[{"start":{"line":30,"column":8},"end":{"line":30,"column":null}},{"start":{"line":31,"column":4},"end":{"line":31,"column":null}}],"line":30}},"s":{"0":3,"1":3,"2":4},"f":{"0":4},"b":{"0":[2,2],"1":[4,2]},"meta":{"lastBranch":2,"lastFunction":1,"lastStatement":3,"seen":{"s:4:45:9:Infinity":0,"s:11:70:17:Infinity":1,"f:19:16:19:Infinity":0,"s:28:2:44:Infinity":2,"b:32:8:32:Infinity:33:8:33:Infinity":0,"b:30:8:30:Infinity:31:4:31:Infinity":1},"fnNames":{}}}
,"/Users/u1366581/CODE/github/monorepo/packages/framework/http/tools/create-http/src/calculations/getBuildCommand.ts": {"path":"/Users/u1366581/CODE/github/monorepo/packages/framework/http/tools/create-http/src/calculations/getBuildCommand.ts","statementMap":{"0":{"start":{"line":7,"column":2},"end":{"line":23,"column":null}},"1":{"start":{"line":9,"column":6},"end":{"line":12,"column":null}},"2":{"start":{"line":14,"column":6},"end":{"line":17,"column":null}},"3":{"start":{"line":19,"column":6},"end":{"line":22,"column":null}}},"fnMap":{"0":{"name":"getBuildCommand","decl":{"start":{"line":4,"column":16},"end":{"line":4,"column":null}},"loc":{"start":{"line":6,"column":21},"end":{"line":24,"column":null}},"line":6}},"branchMap":{"0":{"loc":{"start":{"line":7,"column":2},"end":{"line":23,"column":null}},"type":"switch","locations":[{"start":{"line":8,"column":4},"end":{"line":12,"column":null}},{"start":{"line":13,"column":4},"end":{"line":17,"column":null}},{"start":{"line":18,"column":4},"end":{"line":22,"column":null}}],"line":7}},"s":{"0":3,"1":1,"2":1,"3":1},"f":{"0":3},"b":{"0":[1,1,1]},"meta":{"lastBranch":1,"lastFunction":1,"lastStatement":4,"seen":{"f:4:16:4:Infinity":0,"b:8:4:12:Infinity:13:4:17:Infinity:18:4:22:Infinity":0,"s:7:2:23:Infinity":0,"s:9:6:12:Infinity":1,"s:14:6:17:Infinity":2,"s:19:6:22:Infinity":3},"fnNames":{}}}
,"/Users/u1366581/CODE/github/monorepo/packages/framework/http/tools/create-http/src/calculations/getInstallCommand.ts": {"path":"/Users/u1366581/CODE/github/monorepo/packages/framework/http/tools/create-http/src/calculations/getInstallCommand.ts","statementMap":{"0":{"start":{"line":7,"column":2},"end":{"line":23,"column":null}},"1":{"start":{"line":9,"column":6},"end":{"line":12,"column":null}},"2":{"start":{"line":14,"column":6},"end":{"line":17,"column":null}},"3":{"start":{"line":19,"column":6},"end":{"line":22,"column":null}}},"fnMap":{"0":{"name":"getInstallCommand","decl":{"start":{"line":4,"column":16},"end":{"line":4,"column":null}},"loc":{"start":{"line":6,"column":21},"end":{"line":24,"column":null}},"line":6}},"branchMap":{"0":{"loc":{"start":{"line":7,"column":2},"end":{"line":23,"column":null}},"type":"switch","locations":[{"start":{"line":8,"column":4},"end":{"line":12,"column":null}},{"start":{"line":13,"column":4},"end":{"line":17,"column":null}},{"start":{"line":18,"column":4},"end":{"line":22,"column":null}}],"line":7}},"s":{"0":3,"1":1,"2":1,"3":1},"f":{"0":3},"b":{"0":[1,1,1]},"meta":{"lastBranch":1,"lastFunction":1,"lastStatement":4,"seen":{"f:4:16:4:Infinity":0,"b:8:4:12:Infinity:13:4:17:Infinity:18:4:22:Infinity":0,"s:7:2:23:Infinity":0,"s:9:6:12:Infinity":1,"s:14:6:17:Infinity":2,"s:19:6:22:Infinity":3},"fnNames":{}}}
,"/Users/u1366581/CODE/github/monorepo/packages/framework/http/tools/create-http/src/calculations/getTemplatesRoot.ts": {"path":"/Users/u1366581/CODE/github/monorepo/packages/framework/http/tools/create-http/src/calculations/getTemplatesRoot.ts","statementMap":{"0":{"start":{"line":5,"column":34},"end":{"line":5,"column":null}},"1":{"start":{"line":7,"column":2},"end":{"line":7,"column":null}},"2":{"start":{"line":11,"column":2},"end":{"line":11,"column":null}}},"fnMap":{"0":{"name":"getTemplatesRoot","decl":{"start":{"line":4,"column":9},"end":{"line":4,"column":36}},"loc":{"start":{"line":4,"column":36},"end":{"line":8,"column":null}},"line":4},"1":{"name":"getBaseTemplateRoot","decl":{"start":{"line":10,"column":16},"end":{"line":10,"column":46}},"loc":{"start":{"line":10,"column":46},"end":{"line":12,"column":null}},"line":10}},"branchMap":{},"s":{"0":3,"1":3,"2":3},"f":{"0":3,"1":3},"b":{},"meta":{"lastBranch":0,"lastFunction":2,"lastStatement":3,"seen":{"f:4:9:4:36":0,"s:5:34:5:Infinity":0,"s:7:2:7:Infinity":1,"f:10:16:10:46":1,"s:11:2:11:Infinity":2},"fnNames":{}}}
,"/Users/u1366581/CODE/github/monorepo/packages/framework/http/tools/create-http/src/calculations/isMissingGitIdentityError.ts": {"path":"/Users/u1366581/CODE/github/monorepo/packages/framework/http/tools/create-http/src/calculations/isMissingGitIdentityError.ts","statementMap":{"0":{"start":{"line":2,"column":2},"end":{"line":4,"column":null}},"1":{"start":{"line":3,"column":4},"end":{"line":3,"column":null}},"2":{"start":{"line":6,"column":2},"end":{"line":8,"column":null}}},"fnMap":{"0":{"name":"isMissingGitIdentityError","decl":{"start":{"line":1,"column":16},"end":{"line":1,"column":42}},"loc":{"start":{"line":1,"column":67},"end":{"line":10,"column":null}},"line":1}},"branchMap":{"0":{"loc":{"start":{"line":2,"column":2},"end":{"line":4,"column":null}},"type":"if","locations":[{"start":{"line":2,"column":2},"end":{"line":4,"column":null}},{"start":{},"end":{}}],"line":2},"1":{"loc":{"start":{"line":7,"column":4},"end":{"line":8,"column":null}},"type":"binary-expr","locations":[{"start":{"line":7,"column":4},"end":{"line":7,"column":null}},{"start":{"line":8,"column":4},"end":{"line":8,"column":null}}],"line":7}},"s":{"0":4,"1":1,"2":3},"f":{"0":4},"b":{"0":[1,3],"1":[3,2]},"meta":{"lastBranch":2,"lastFunction":1,"lastStatement":3,"seen":{"f:1:16:1:42":0,"b:2:2:4:Infinity:undefined:undefined:undefined:undefined":0,"s:2:2:4:Infinity":0,"s:3:4:3:Infinity":1,"s:6:2:8:Infinity":2,"b:7:4:7:Infinity:8:4:8:Infinity":1},"fnNames":{}}}
,"/Users/u1366581/CODE/github/monorepo/packages/framework/http/tools/create-http/src/calculations/readYarnBerryVersion.ts": {"path":"/Users/u1366581/CODE/github/monorepo/packages/framework/http/tools/create-http/src/calculations/readYarnBerryVersion.ts","statementMap":{"0":{"start":{"line":9,"column":31},"end":{"line":12,"column":null}},"1":{"start":{"line":13,"column":43},"end":{"line":15,"column":null}},"2":{"start":{"line":17,"column":2},"end":{"line":17,"column":null}}},"fnMap":{"0":{"name":"readYarnBerryVersion","decl":{"start":{"line":6,"column":22},"end":{"line":6,"column":null}},"loc":{"start":{"line":8,"column":19},"end":{"line":18,"column":null}},"line":8}},"branchMap":{},"s":{"0":3,"1":3,"2":3},"f":{"0":3},"b":{},"meta":{"lastBranch":0,"lastFunction":1,"lastStatement":3,"seen":{"f:6:22:6:Infinity":0,"s:9:31:12:Infinity":0,"s:13:43:15:Infinity":1,"s:17:2:17:Infinity":2},"fnNames":{}}}
,"/Users/u1366581/CODE/github/monorepo/packages/framework/http/tools/create-http/src/calculations/resolvePackageManagerVersion.ts": {"path":"/Users/u1366581/CODE/github/monorepo/packages/framework/http/tools/create-http/src/calculations/resolvePackageManagerVersion.ts","statementMap":{"0":{"start":{"line":9,"column":2},"end":{"line":11,"column":null}},"1":{"start":{"line":10,"column":4},"end":{"line":10,"column":null}},"2":{"start":{"line":13,"column":2},"end":{"line":13,"column":null}}},"fnMap":{"0":{"name":"resolvePackageManagerVersion","decl":{"start":{"line":4,"column":16},"end":{"line":4,"column":null}},"loc":{"start":{"line":8,"column":10},"end":{"line":14,"column":null}},"line":8}},"branchMap":{"0":{"loc":{"start":{"line":9,"column":2},"end":{"line":11,"column":null}},"type":"if","locations":[{"start":{"line":9,"column":2},"end":{"line":11,"column":null}},{"start":{},"end":{}}],"line":9}},"s":{"0":5,"1":2,"2":3},"f":{"0":5},"b":{"0":[2,3]},"meta":{"lastBranch":1,"lastFunction":1,"lastStatement":3,"seen":{"f:4:16:4:Infinity":0,"b:9:2:11:Infinity:undefined:undefined:undefined:undefined":0,"s:9:2:11:Infinity":0,"s:10:4:10:Infinity":1,"s:13:2:13:Infinity":2},"fnNames":{}}}
,"/Users/u1366581/CODE/github/monorepo/packages/framework/http/tools/create-http/src/calculations/resolveProjectPath.ts": {"path":"/Users/u1366581/CODE/github/monorepo/packages/framework/http/tools/create-http/src/calculations/resolveProjectPath.ts","statementMap":{"0":{"start":{"line":3,"column":44},"end":{"line":3,"column":null}},"1":{"start":{"line":4,"column":38},"end":{"line":4,"column":null}},"2":{"start":{"line":7,"column":2},"end":{"line":7,"column":null}},"3":{"start":{"line":11,"column":33},"end":{"line":19,"column":null}},"4":{"start":{"line":21,"column":2},"end":{"line":21,"column":null}},"5":{"start":{"line":25,"column":2},"end":{"line":25,"column":null}}},"fnMap":{"0":{"name":"resolveProjectPath","decl":{"start":{"line":6,"column":16},"end":{"line":6,"column":35}},"loc":{"start":{"line":6,"column":63},"end":{"line":8,"column":null}},"line":6},"1":{"name":"normalizePackageName","decl":{"start":{"line":10,"column":16},"end":{"line":10,"column":37}},"loc":{"start":{"line":10,"column":59},"end":{"line":22,"column":null}},"line":10},"2":{"name":"resolvePackageName","decl":{"start":{"line":24,"column":16},"end":{"line":24,"column":35}},"loc":{"start":{"line":24,"column":64},"end":{"line":26,"column":null}},"line":24}},"branchMap":{"0":{"loc":{"start":{"line":21,"column":9},"end":{"line":21,"column":null}},"type":"cond-expr","locations":[{"start":{"line":21,"column":33},"end":{"line":21,"column":57}},{"start":{"line":21,"column":57},"end":{"line":21,"column":null}}],"line":21}},"s":{"0":3,"1":3,"2":3,"3":5,"4":5,"5":4},"f":{"0":3,"1":5,"2":4},"b":{"0":[1,4]},"meta":{"lastBranch":1,"lastFunction":3,"lastStatement":6,"seen":{"s:3:44:3:Infinity":0,"s:4:38:4:Infinity":1,"f:6:16:6:35":0,"s:7:2:7:Infinity":2,"f:10:16:10:37":1,"s:11:33:19:Infinity":3,"s:21:2:21:Infinity":4,"b:21:33:21:57:21:57:21:Infinity":0,"f:24:16:24:35":2,"s:25:2:25:Infinity":5},"fnNames":{}}}
,"/Users/u1366581/CODE/github/monorepo/packages/framework/http/tools/create-http/src/cli/createHttpCommand.ts": {"path":"/Users/u1366581/CODE/github/monorepo/packages/framework/http/tools/create-http/src/cli/createHttpCommand.ts","statementMap":{"0":{"start":{"line":28,"column":4},"end":{"line":28,"column":null}},"1":{"start":{"line":33,"column":32},"end":{"line":58,"column":null}},"2":{"start":{"line":61,"column":2},"end":{"line":63,"column":null}},"3":{"start":{"line":68,"column":2},"end":{"line":70,"column":null}},"4":{"start":{"line":75,"column":2},"end":{"line":77,"column":null}},"5":{"start":{"line":84,"column":2},"end":{"line":90,"column":null}},"6":{"start":{"line":85,"column":4},"end":{"line":87,"column":null}},"7":{"start":{"line":86,"column":6},"end":{"line":86,"column":null}},"8":{"start":{"line":89,"column":4},"end":{"line":89,"column":null}},"9":{"start":{"line":92,"column":59},"end":{"line":98,"column":null}},"10":{"start":{"line":94,"column":71},"end":{"line":97,"column":6}},"11":{"start":{"line":100,"column":2},"end":{"line":103,"column":null}},"12":{"start":{"line":101,"column":4},"end":{"line":101,"column":null}},"13":{"start":{"line":102,"column":4},"end":{"line":102,"column":null}},"14":{"start":{"line":105,"column":2},"end":{"line":109,"column":null}},"15":{"start":{"line":106,"column":4},"end":{"line":108,"column":null}},"16":{"start":{"line":111,"column":2},"end":{"line":111,"column":null}},"17":{"start":{"line":117,"column":2},"end":{"line":123,"column":null}},"18":{"start":{"line":118,"column":4},"end":{"line":120,"column":null}},"19":{"start":{"line":119,"column":6},"end":{"line":119,"column":null}},"20":{"start":{"line":122,"column":4},"end":{"line":122,"column":null}},"21":{"start":{"line":125,"column":53},"end":{"line":131,"column":null}},"22":{"start":{"line":127,"column":62},"end":{"line":130,"column":6}},"23":{"start":{"line":133,"column":2},"end":{"line":136,"column":null}},"24":{"start":{"line":134,"column":4},"end":{"line":134,"column":null}},"25":{"start":{"line":135,"column":4},"end":{"line":135,"column":null}},"26":{"start":{"line":138,"column":2},"end":{"line":142,"column":null}},"27":{"start":{"line":139,"column":4},"end":{"line":141,"column":null}},"28":{"start":{"line":144,"column":2},"end":{"line":144,"column":null}},"29":{"start":{"line":150,"column":2},"end":{"line":156,"column":null}},"30":{"start":{"line":151,"column":4},"end":{"line":153,"column":null}},"31":{"start":{"line":152,"column":6},"end":{"line":152,"column":null}},"32":{"start":{"line":155,"column":4},"end":{"line":155,"column":null}},"33":{"start":{"line":158,"column":49},"end":{"line":165,"column":null}},"34":{"start":{"line":161,"column":56},"end":{"line":164,"column":6}},"35":{"start":{"line":167,"column":2},"end":{"line":170,"column":null}},"36":{"start":{"line":168,"column":4},"end":{"line":168,"column":null}},"37":{"start":{"line":169,"column":4},"end":{"line":169,"column":null}},"38":{"start":{"line":172,"column":2},"end":{"line":176,"column":null}},"39":{"start":{"line":173,"column":4},"end":{"line":175,"column":null}},"40":{"start":{"line":178,"column":2},"end":{"line":178,"column":null}},"41":{"start":{"line":181,"column":45},"end":{"line":288,"column":null}},"42":{"start":{"line":189,"column":29},"end":{"line":189,"column":null}},"43":{"start":{"line":191,"column":4},"end":{"line":193,"column":null}},"44":{"start":{"line":192,"column":6},"end":{"line":192,"column":null}},"45":{"start":{"line":195,"column":39},"end":{"line":195,"column":null}},"46":{"start":{"line":197,"column":6},"end":{"line":199,"column":null}},"47":{"start":{"line":201,"column":4},"end":{"line":203,"column":null}},"48":{"start":{"line":202,"column":6},"end":{"line":202,"column":null}},"49":{"start":{"line":205,"column":36},"end":{"line":205,"column":null}},"50":{"start":{"line":206,"column":49},"end":{"line":208,"column":null}},"51":{"start":{"line":210,"column":4},"end":{"line":212,"column":null}},"52":{"start":{"line":211,"column":6},"end":{"line":211,"column":null}},"53":{"start":{"line":214,"column":34},"end":{"line":214,"column":null}},"54":{"start":{"line":215,"column":45},"end":{"line":217,"column":null}},"55":{"start":{"line":219,"column":4},"end":{"line":221,"column":null}},"56":{"start":{"line":220,"column":6},"end":{"line":220,"column":null}},"57":{"start":{"line":223,"column":4},"end":{"line":223,"column":null}},"58":{"start":{"line":225,"column":54},"end":{"line":225,"column":null}},"59":{"start":{"line":228,"column":4},"end":{"line":228,"column":null}},"60":{"start":{"line":230,"column":4},"end":{"line":241,"column":null}},"61":{"start":{"line":231,"column":6},"end":{"line":236,"column":null}},"62":{"start":{"line":237,"column":6},"end":{"line":237,"column":null}},"63":{"start":{"line":239,"column":6},"end":{"line":239,"column":null}},"64":{"start":{"line":240,"column":6},"end":{"line":240,"column":null}},"65":{"start":{"line":243,"column":4},"end":{"line":243,"column":null}},"66":{"start":{"line":245,"column":4},"end":{"line":250,"column":null}},"67":{"start":{"line":246,"column":6},"end":{"line":246,"column":null}},"68":{"start":{"line":247,"column":6},"end":{"line":247,"column":null}},"69":{"start":{"line":249,"column":6},"end":{"line":249,"column":null}},"70":{"start":{"line":252,"column":4},"end":{"line":252,"column":null}},"71":{"start":{"line":254,"column":4},"end":{"line":260,"column":null}},"72":{"start":{"line":255,"column":6},"end":{"line":255,"column":null}},"73":{"start":{"line":256,"column":6},"end":{"line":256,"column":null}},"74":{"start":{"line":258,"column":6},"end":{"line":258,"column":null}},"75":{"start":{"line":259,"column":6},"end":{"line":259,"column":null}},"76":{"start":{"line":262,"column":4},"end":{"line":262,"column":null}},"77":{"start":{"line":264,"column":4},"end":{"line":270,"column":null}},"78":{"start":{"line":265,"column":6},"end":{"line":265,"column":null}},"79":{"start":{"line":266,"column":6},"end":{"line":266,"column":null}},"80":{"start":{"line":268,"column":6},"end":{"line":268,"column":null}},"81":{"start":{"line":269,"column":6},"end":{"line":269,"column":null}},"82":{"start":{"line":272,"column":4},"end":{"line":272,"column":null}},"83":{"start":{"line":274,"column":4},"end":{"line":284,"column":null}},"84":{"start":{"line":275,"column":6},"end":{"line":275,"column":null}},"85":{"start":{"line":276,"column":6},"end":{"line":276,"column":null}},"86":{"start":{"line":278,"column":6},"end":{"line":283,"column":null}},"87":{"start":{"line":279,"column":8},"end":{"line":279,"column":null}},"88":{"start":{"line":281,"column":8},"end":{"line":281,"column":null}},"89":{"start":{"line":282,"column":8},"end":{"line":282,"column":null}},"90":{"start":{"line":286,"column":4},"end":{"line":286,"column":null}}},"fnMap":{"0":{"name":"isPackageManager","decl":{"start":{"line":60,"column":9},"end":{"line":60,"column":26}},"loc":{"start":{"line":60,"column":67},"end":{"line":65,"column":null}},"line":60},"1":{"name":"isHttpAdapter","decl":{"start":{"line":67,"column":9},"end":{"line":67,"column":23}},"loc":{"start":{"line":67,"column":61},"end":{"line":72,"column":null}},"line":67},"2":{"name":"isDbAdapter","decl":{"start":{"line":74,"column":9},"end":{"line":74,"column":21}},"loc":{"start":{"line":74,"column":57},"end":{"line":79,"column":null}},"line":74},"3":{"name":"resolvePackageManager","decl":{"start":{"line":81,"column":15},"end":{"line":81,"column":null}},"loc":{"start":{"line":83,"column":39},"end":{"line":112,"column":null}},"line":83},"4":{"name":"(anonymous_4)","decl":{"start":{"line":94,"column":30},"end":{"line":94,"column":35}},"loc":{"start":{"line":94,"column":71},"end":{"line":97,"column":6}},"line":94},"5":{"name":"resolveHttpAdapter","decl":{"start":{"line":114,"column":15},"end":{"line":114,"column":null}},"loc":{"start":{"line":116,"column":36},"end":{"line":145,"column":null}},"line":116},"6":{"name":"(anonymous_6)","decl":{"start":{"line":127,"column":27},"end":{"line":127,"column":32}},"loc":{"start":{"line":127,"column":62},"end":{"line":130,"column":6}},"line":127},"7":{"name":"resolveDbAdapter","decl":{"start":{"line":147,"column":15},"end":{"line":147,"column":null}},"loc":{"start":{"line":149,"column":34},"end":{"line":179,"column":null}},"line":149},"8":{"name":"(anonymous_8)","decl":{"start":{"line":161,"column":25},"end":{"line":161,"column":30}},"loc":{"start":{"line":161,"column":56},"end":{"line":164,"column":6}},"line":161},"9":{"name":"run","decl":{"start":{"line":188,"column":8},"end":{"line":188,"column":12}},"loc":{"start":{"line":188,"column":72},"end":{"line":287,"column":null}},"line":188}},"branchMap":{"0":{"loc":{"start":{"line":62,"column":4},"end":{"line":63,"column":null}},"type":"binary-expr","locations":[{"start":{"line":62,"column":4},"end":{"line":62,"column":null}},{"start":{"line":63,"column":5},"end":{"line":63,"column":null}}],"line":62},"1":{"loc":{"start":{"line":69,"column":4},"end":{"line":70,"column":null}},"type":"binary-expr","locations":[{"start":{"line":69,"column":4},"end":{"line":69,"column":null}},{"start":{"line":70,"column":5},"end":{"line":70,"column":null}}],"line":69},"2":{"loc":{"start":{"line":76,"column":4},"end":{"line":77,"column":null}},"type":"binary-expr","locations":[{"start":{"line":76,"column":4},"end":{"line":76,"column":null}},{"start":{"line":77,"column":5},"end":{"line":77,"column":null}}],"line":76},"3":{"loc":{"start":{"line":84,"column":2},"end":{"line":90,"column":null}},"type":"if","locations":[{"start":{"line":84,"column":2},"end":{"line":90,"column":null}},{"start":{},"end":{}}],"line":84},"4":{"loc":{"start":{"line":85,"column":4},"end":{"line":87,"column":null}},"type":"if","locations":[{"start":{"line":85,"column":4},"end":{"line":87,"column":null}},{"start":{},"end":{}}],"line":85},"5":{"loc":{"start":{"line":100,"column":2},"end":{"line":103,"column":null}},"type":"if","locations":[{"start":{"line":100,"column":2},"end":{"line":103,"column":null}},{"start":{},"end":{}}],"line":100},"6":{"loc":{"start":{"line":105,"column":2},"end":{"line":109,"column":null}},"type":"if","locations":[{"start":{"line":105,"column":2},"end":{"line":109,"column":null}},{"start":{},"end":{}}],"line":105},"7":{"loc":{"start":{"line":117,"column":2},"end":{"line":123,"column":null}},"type":"if","locations":[{"start":{"line":117,"column":2},"end":{"line":123,"column":null}},{"start":{},"end":{}}],"line":117},"8":{"loc":{"start":{"line":118,"column":4},"end":{"line":120,"column":null}},"type":"if","locations":[{"start":{"line":118,"column":4},"end":{"line":120,"column":null}},{"start":{},"end":{}}],"line":118},"9":{"loc":{"start":{"line":133,"column":2},"end":{"line":136,"column":null}},"type":"if","locations":[{"start":{"line":133,"column":2},"end":{"line":136,"column":null}},{"start":{},"end":{}}],"line":133},"10":{"loc":{"start":{"line":138,"column":2},"end":{"line":142,"column":null}},"type":"if","locations":[{"start":{"line":138,"column":2},"end":{"line":142,"column":null}},{"start":{},"end":{}}],"line":138},"11":{"loc":{"start":{"line":150,"column":2},"end":{"line":156,"column":null}},"type":"if","locations":[{"start":{"line":150,"column":2},"end":{"line":156,"column":null}},{"start":{},"end":{}}],"line":150},"12":{"loc":{"start":{"line":151,"column":4},"end":{"line":153,"column":null}},"type":"if","locations":[{"start":{"line":151,"column":4},"end":{"line":153,"column":null}},{"start":{},"end":{}}],"line":151},"13":{"loc":{"start":{"line":167,"column":2},"end":{"line":170,"column":null}},"type":"if","locations":[{"start":{"line":167,"column":2},"end":{"line":170,"column":null}},{"start":{},"end":{}}],"line":167},"14":{"loc":{"start":{"line":172,"column":2},"end":{"line":176,"column":null}},"type":"if","locations":[{"start":{"line":172,"column":2},"end":{"line":176,"column":null}},{"start":{},"end":{}}],"line":172},"15":{"loc":{"start":{"line":191,"column":4},"end":{"line":193,"column":null}},"type":"if","locations":[{"start":{"line":191,"column":4},"end":{"line":193,"column":null}},{"start":{},"end":{}}],"line":191},"16":{"loc":{"start":{"line":198,"column":8},"end":{"line":198,"column":null}},"type":"cond-expr","locations":[{"start":{"line":198,"column":48},"end":{"line":198,"column":68}},{"start":{"line":198,"column":68},"end":{"line":198,"column":null}}],"line":198},"17":{"loc":{"start":{"line":201,"column":4},"end":{"line":203,"column":null}},"type":"if","locations":[{"start":{"line":201,"column":4},"end":{"line":203,"column":null}},{"start":{},"end":{}}],"line":201},"18":{"loc":{"start":{"line":207,"column":6},"end":{"line":207,"column":null}},"type":"cond-expr","locations":[{"start":{"line":207,"column":43},"end":{"line":207,"column":60}},{"start":{"line":207,"column":60},"end":{"line":207,"column":null}}],"line":207},"19":{"loc":{"start":{"line":210,"column":4},"end":{"line":212,"column":null}},"type":"if","locations":[{"start":{"line":210,"column":4},"end":{"line":212,"column":null}},{"start":{},"end":{}}],"line":210},"20":{"loc":{"start":{"line":216,"column":6},"end":{"line":216,"column":null}},"type":"cond-expr","locations":[{"start":{"line":216,"column":41},"end":{"line":216,"column":56}},{"start":{"line":216,"column":56},"end":{"line":216,"column":null}}],"line":216},"21":{"loc":{"start":{"line":219,"column":4},"end":{"line":221,"column":null}},"type":"if","locations":[{"start":{"line":219,"column":4},"end":{"line":221,"column":null}},{"start":{},"end":{}}],"line":219},"22":{"loc":{"start":{"line":278,"column":6},"end":{"line":283,"column":null}},"type":"if","locations":[{"start":{"line":278,"column":6},"end":{"line":283,"column":null}},{"start":{"line":280,"column":13},"end":{"line":283,"column":null}}],"line":278}},"s":{"0":1,"1":1,"2":0,"3":0,"4":0,"5":0,"6":0,"7":0,"8":0,"9":0,"10":0,"11":0,"12":0,"13":0,"14":0,"15":0,"16":0,"17":0,"18":0,"19":0,"20":0,"21":0,"22":0,"23":0,"24":0,"25":0,"26":0,"27":0,"28":0,"29":0,"30":0,"31":0,"32":0,"33":0,"34":0,"35":0,"36":0,"37":0,"38":0,"39":0,"40":0,"41":1,"42":0,"43":0,"44":0,"45":0,"46":0,"47":0,"48":0,"49":0,"50":0,"51":0,"52":0,"53":0,"54":0,"55":0,"56":0,"57":0,"58":0,"59":0,"60":0,"61":0,"62":0,"63":0,"64":0,"65":0,"66":0,"67":0,"68":0,"69":0,"70":0,"71":0,"72":0,"73":0,"74":0,"75":0,"76":0,"77":0,"78":0,"79":0,"80":0,"81":0,"82":0,"83":0,"84":0,"85":0,"86":0,"87":0,"88":0,"89":0,"90":0},"f":{"0":0,"1":0,"2":0,"3":0,"4":0,"5":0,"6":0,"7":0,"8":0,"9":0},"b":{"0":[0,0],"1":[0,0],"2":[0,0],"3":[0,0],"4":[0,0],"5":[0,0],"6":[0,0],"7":[0,0],"8":[0,0],"9":[0,0],"10":[0,0],"11":[0,0],"12":[0,0],"13":[0,0],"14":[0,0],"15":[0,0],"16":[0,0],"17":[0,0],"18":[0,0],"19":[0,0],"20":[0,0],"21":[0,0],"22":[0,0]},"meta":{"lastBranch":23,"lastFunction":10,"lastStatement":91,"seen":{"s:28:4:28:Infinity":0,"s:33:32:58:Infinity":1,"f:60:9:60:26":0,"s:61:2:63:Infinity":2,"b:62:4:62:Infinity:63:5:63:Infinity":0,"f:67:9:67:23":1,"s:68:2:70:Infinity":3,"b:69:4:69:Infinity:70:5:70:Infinity":1,"f:74:9:74:21":2,"s:75:2:77:Infinity":4,"b:76:4:76:Infinity:77:5:77:Infinity":2,"f:81:15:81:Infinity":3,"b:84:2:90:Infinity:undefined:undefined:undefined:undefined":3,"s:84:2:90:Infinity":5,"b:85:4:87:Infinity:undefined:undefined:undefined:undefined":4,"s:85:4:87:Infinity":6,"s:86:6:86:Infinity":7,"s:89:4:89:Infinity":8,"s:92:59:98:Infinity":9,"f:94:30:94:35":4,"s:94:71:97:6":10,"b:100:2:103:Infinity:undefined:undefined:undefined:undefined":5,"s:100:2:103:Infinity":11,"s:101:4:101:Infinity":12,"s:102:4:102:Infinity":13,"b:105:2:109:Infinity:undefined:undefined:undefined:undefined":6,"s:105:2:109:Infinity":14,"s:106:4:108:Infinity":15,"s:111:2:111:Infinity":16,"f:114:15:114:Infinity":5,"b:117:2:123:Infinity:undefined:undefined:undefined:undefined":7,"s:117:2:123:Infinity":17,"b:118:4:120:Infinity:undefined:undefined:undefined:undefined":8,"s:118:4:120:Infinity":18,"s:119:6:119:Infinity":19,"s:122:4:122:Infinity":20,"s:125:53:131:Infinity":21,"f:127:27:127:32":6,"s:127:62:130:6":22,"b:133:2:136:Infinity:undefined:undefined:undefined:undefined":9,"s:133:2:136:Infinity":23,"s:134:4:134:Infinity":24,"s:135:4:135:Infinity":25,"b:138:2:142:Infinity:undefined:undefined:undefined:undefined":10,"s:138:2:142:Infinity":26,"s:139:4:141:Infinity":27,"s:144:2:144:Infinity":28,"f:147:15:147:Infinity":7,"b:150:2:156:Infinity:undefined:undefined:undefined:undefined":11,"s:150:2:156:Infinity":29,"b:151:4:153:Infinity:undefined:undefined:undefined:undefined":12,"s:151:4:153:Infinity":30,"s:152:6:152:Infinity":31,"s:155:4:155:Infinity":32,"s:158:49:165:Infinity":33,"f:161:25:161:30":8,"s:161:56:164:6":34,"b:167:2:170:Infinity:undefined:undefined:undefined:undefined":13,"s:167:2:170:Infinity":35,"s:168:4:168:Infinity":36,"s:169:4:169:Infinity":37,"b:172:2:176:Infinity:undefined:undefined:undefined:undefined":14,"s:172:2:176:Infinity":38,"s:173:4:175:Infinity":39,"s:178:2:178:Infinity":40,"s:181:45:288:Infinity":41,"f:188:8:188:12":9,"s:189:29:189:Infinity":42,"b:191:4:193:Infinity:undefined:undefined:undefined:undefined":15,"s:191:4:193:Infinity":43,"s:192:6:192:Infinity":44,"s:195:39:195:Infinity":45,"s:197:6:199:Infinity":46,"b:198:48:198:68:198:68:198:Infinity":16,"b:201:4:203:Infinity:undefined:undefined:undefined:undefined":17,"s:201:4:203:Infinity":47,"s:202:6:202:Infinity":48,"s:205:36:205:Infinity":49,"s:206:49:208:Infinity":50,"b:207:43:207:60:207:60:207:Infinity":18,"b:210:4:212:Infinity:undefined:undefined:undefined:undefined":19,"s:210:4:212:Infinity":51,"s:211:6:211:Infinity":52,"s:214:34:214:Infinity":53,"s:215:45:217:Infinity":54,"b:216:41:216:56:216:56:216:Infinity":20,"b:219:4:221:Infinity:undefined:undefined:undefined:undefined":21,"s:219:4:221:Infinity":55,"s:220:6:220:Infinity":56,"s:223:4:223:Infinity":57,"s:225:54:225:Infinity":58,"s:228:4:228:Infinity":59,"s:230:4:241:Infinity":60,"s:231:6:236:Infinity":61,"s:237:6:237:Infinity":62,"s:239:6:239:Infinity":63,"s:240:6:240:Infinity":64,"s:243:4:243:Infinity":65,"s:245:4:250:Infinity":66,"s:246:6:246:Infinity":67,"s:247:6:247:Infinity":68,"s:249:6:249:Infinity":69,"s:252:4:252:Infinity":70,"s:254:4:260:Infinity":71,"s:255:6:255:Infinity":72,"s:256:6:256:Infinity":73,"s:258:6:258:Infinity":74,"s:259:6:259:Infinity":75,"s:262:4:262:Infinity":76,"s:264:4:270:Infinity":77,"s:265:6:265:Infinity":78,"s:266:6:266:Infinity":79,"s:268:6:268:Infinity":80,"s:269:6:269:Infinity":81,"s:272:4:272:Infinity":82,"s:274:4:284:Infinity":83,"s:275:6:275:Infinity":84,"s:276:6:276:Infinity":85,"b:278:6:283:Infinity:280:13:283:Infinity":22,"s:278:6:283:Infinity":86,"s:279:8:279:Infinity":87,"s:281:8:281:Infinity":88,"s:282:8:282:Infinity":89,"s:286:4:286:Infinity":90},"fnNames":{}}}
,"/Users/u1366581/CODE/github/monorepo/packages/framework/http/tools/create-http/src/dependencies/calculations/composeScaffoldDependencies.ts": {"path":"/Users/u1366581/CODE/github/monorepo/packages/framework/http/tools/create-http/src/dependencies/calculations/composeScaffoldDependencies.ts","statementMap":{"0":{"start":{"line":27,"column":4},"end":{"line":27,"column":null}},"1":{"start":{"line":29,"column":4},"end":{"line":29,"column":null}},"2":{"start":{"line":31,"column":36},"end":{"line":35,"column":null}},"3":{"start":{"line":36,"column":39},"end":{"line":40,"column":null}},"4":{"start":{"line":42,"column":2},"end":{"line":49,"column":null}}},"fnMap":{"0":{"name":"composeScaffoldDependencies","decl":{"start":{"line":21,"column":16},"end":{"line":21,"column":null}},"loc":{"start":{"line":25,"column":32},"end":{"line":50,"column":null}},"line":25}},"branchMap":{"0":{"loc":{"start":{"line":38,"column":8},"end":{"line":38,"column":null}},"type":"binary-expr","locations":[{"start":{"line":38,"column":8},"end":{"line":38,"column":53}},{"start":{"line":38,"column":53},"end":{"line":38,"column":null}}],"line":38},"1":{"loc":{"start":{"line":39,"column":8},"end":{"line":39,"column":null}},"type":"binary-expr","locations":[{"start":{"line":39,"column":8},"end":{"line":39,"column":51}},{"start":{"line":39,"column":51},"end":{"line":39,"column":null}}],"line":39}},"s":{"0":4,"1":4,"2":4,"3":4,"4":4},"f":{"0":4},"b":{"0":[4,1],"1":[4,0]},"meta":{"lastBranch":2,"lastFunction":1,"lastStatement":5,"seen":{"f:21:16:21:Infinity":0,"s:27:4:27:Infinity":0,"s:29:4:29:Infinity":1,"s:31:36:35:Infinity":2,"s:36:39:40:Infinity":3,"b:38:8:38:53:38:53:38:Infinity":0,"b:39:8:39:51:39:51:39:Infinity":1,"s:42:2:49:Infinity":4},"fnNames":{}}}
,"/Users/u1366581/CODE/github/monorepo/packages/framework/http/tools/create-http/src/dependencies/calculations/dependencyCatalogUtils.ts": {"path":"/Users/u1366581/CODE/github/monorepo/packages/framework/http/tools/create-http/src/dependencies/calculations/dependencyCatalogUtils.ts","statementMap":{"0":{"start":{"line":5,"column":55},"end":{"line":5,"column":null}},"1":{"start":{"line":7,"column":2},"end":{"line":15,"column":null}},"2":{"start":{"line":8,"column":40},"end":{"line":8,"column":null}},"3":{"start":{"line":10,"column":4},"end":{"line":12,"column":null}},"4":{"start":{"line":11,"column":6},"end":{"line":11,"column":null}},"5":{"start":{"line":14,"column":4},"end":{"line":14,"column":null}},"6":{"start":{"line":17,"column":2},"end":{"line":17,"column":null}},"7":{"start":{"line":23,"column":2},"end":{"line":41,"column":null}},"8":{"start":{"line":29,"column":14},"end":{"line":32,"column":null}},"9":{"start":{"line":39,"column":11},"end":{"line":39,"column":null}}},"fnMap":{"0":{"name":"pickCatalogVersions","decl":{"start":{"line":1,"column":16},"end":{"line":1,"column":null}},"loc":{"start":{"line":4,"column":26},"end":{"line":18,"column":null}},"line":4},"1":{"name":"mergeDependencyRecords","decl":{"start":{"line":20,"column":16},"end":{"line":20,"column":null}},"loc":{"start":{"line":22,"column":26},"end":{"line":42,"column":null}},"line":22},"2":{"name":"(anonymous_2)","decl":{"start":{"line":25,"column":24},"end":{"line":25,"column":null}},"loc":{"start":{"line":29,"column":14},"end":{"line":32,"column":null}},"line":29},"3":{"name":"(anonymous_3)","decl":{"start":{"line":35,"column":6},"end":{"line":35,"column":null}},"loc":{"start":{"line":39,"column":11},"end":{"line":39,"column":null}},"line":39}},"branchMap":{"0":{"loc":{"start":{"line":10,"column":4},"end":{"line":12,"column":null}},"type":"if","locations":[{"start":{"line":10,"column":4},"end":{"line":12,"column":null}},{"start":{},"end":{}}],"line":10}},"s":{"0":8,"1":8,"2":116,"3":116,"4":0,"5":116,"6":8,"7":8,"8":8,"9":216},"f":{"0":8,"1":8,"2":8,"3":216},"b":{"0":[0,116]},"meta":{"lastBranch":1,"lastFunction":4,"lastStatement":10,"seen":{"f:1:16:1:Infinity":0,"s:5:55:5:Infinity":0,"s:7:2:15:Infinity":1,"s:8:40:8:Infinity":2,"b:10:4:12:Infinity:undefined:undefined:undefined:undefined":0,"s:10:4:12:Infinity":3,"s:11:6:11:Infinity":4,"s:14:4:14:Infinity":5,"s:17:2:17:Infinity":6,"f:20:16:20:Infinity":1,"s:23:2:41:Infinity":7,"f:25:24:25:Infinity":2,"s:29:14:32:Infinity":8,"f:35:6:35:Infinity":3,"s:39:11:39:Infinity":9},"fnNames":{}}}
,"/Users/u1366581/CODE/github/monorepo/packages/framework/http/tools/create-http/src/dependencies/models/DbAdapterDependencySpecs.ts": {"path":"/Users/u1366581/CODE/github/monorepo/packages/framework/http/tools/create-http/src/dependencies/models/DbAdapterDependencySpecs.ts","statementMap":{"0":{"start":{"line":11,"column":4},"end":{"line":22,"column":null}}},"fnMap":{},"branchMap":{},"s":{"0":4},"f":{},"b":{},"meta":{"lastBranch":0,"lastFunction":0,"lastStatement":1,"seen":{"s:11:4:22:Infinity":0},"fnNames":{}}}
,"/Users/u1366581/CODE/github/monorepo/packages/framework/http/tools/create-http/src/dependencies/models/HttpAdapterDependencySpecs.ts": {"path":"/Users/u1366581/CODE/github/monorepo/packages/framework/http/tools/create-http/src/dependencies/models/HttpAdapterDependencySpecs.ts","statementMap":{"0":{"start":{"line":12,"column":56},"end":{"line":25,"column":null}},"1":{"start":{"line":30,"column":60},"end":{"line":39,"column":null}},"2":{"start":{"line":48,"column":4},"end":{"line":63,"column":null}}},"fnMap":{},"branchMap":{},"s":{"0":4,"1":4,"2":4},"f":{},"b":{},"meta":{"lastBranch":0,"lastFunction":0,"lastStatement":3,"seen":{"s:12:56:25:Infinity":0,"s:30:60:39:Infinity":1,"s:48:4:63:Infinity":2},"fnNames":{}}}
,"/Users/u1366581/CODE/github/monorepo/packages/framework/http/tools/create-http/src/generation/calculations/createBootstrapSourceModel.ts": {"path":"/Users/u1366581/CODE/github/monorepo/packages/framework/http/tools/create-http/src/generation/calculations/createBootstrapSourceModel.ts","statementMap":{"0":{"start":{"line":13,"column":2},"end":{"line":13,"column":null}},"1":{"start":{"line":16,"column":2},"end":{"line":16,"column":null}},"2":{"start":{"line":19,"column":2},"end":{"line":19,"column":null}},"3":{"start":{"line":22,"column":2},"end":{"line":22,"column":null}},"4":{"start":{"line":24,"column":42},"end":{"line":24,"column":null}},"5":{"start":{"line":34,"column":4},"end":{"line":78,"column":null}},"6":{"start":{"line":85,"column":4},"end":{"line":85,"column":null}},"7":{"start":{"line":87,"column":4},"end":{"line":87,"column":null}},"8":{"start":{"line":89,"column":2},"end":{"line":124,"column":null}}},"fnMap":{"0":{"name":"createBootstrapSourceModel","decl":{"start":{"line":80,"column":16},"end":{"line":80,"column":null}},"loc":{"start":{"line":83,"column":24},"end":{"line":125,"column":null}},"line":83}},"branchMap":{"0":{"loc":{"start":{"line":82,"column":2},"end":{"line":82,"column":null}},"type":"default-arg","locations":[{"start":{"line":82,"column":25},"end":{"line":82,"column":null}}],"line":82},"1":{"loc":{"start":{"line":94,"column":8},"end":{"line":96,"column":null}},"type":"cond-expr","locations":[{"start":{"line":95,"column":8},"end":{"line":95,"column":null}},{"start":{"line":96,"column":8},"end":{"line":96,"column":null}}],"line":94},"2":{"loc":{"start":{"line":102,"column":10},"end":{"line":102,"column":null}},"type":"binary-expr","locations":[{"start":{"line":102,"column":10},"end":{"line":102,"column":40}},{"start":{"line":102,"column":40},"end":{"line":102,"column":null}}],"line":102}},"s":{"0":4,"1":4,"2":4,"3":4,"4":4,"5":4,"6":11,"7":11,"8":11},"f":{"0":11},"b":{"0":[11],"1":[2,9],"2":[11,2]},"meta":{"lastBranch":3,"lastFunction":1,"lastStatement":9,"seen":{"s:13:2:13:Infinity":0,"s:16:2:16:Infinity":1,"s:19:2:19:Infinity":2,"s:22:2:22:Infinity":3,"s:24:42:24:Infinity":4,"s:34:4:78:Infinity":5,"f:80:16:80:Infinity":0,"b:82:25:82:Infinity":0,"s:85:4:85:Infinity":6,"s:87:4:87:Infinity":7,"s:89:2:124:Infinity":8,"b:95:8:95:Infinity:96:8:96:Infinity":1,"b:102:10:102:40:102:40:102:Infinity":2},"fnNames":{}}}
,"/Users/u1366581/CODE/github/monorepo/packages/framework/http/tools/create-http/src/generation/calculations/createPnpmWorkspaceSourceModel.ts": {"path":"/Users/u1366581/CODE/github/monorepo/packages/framework/http/tools/create-http/src/generation/calculations/createPnpmWorkspaceSourceModel.ts","statementMap":{"0":{"start":{"line":4,"column":61},"end":{"line":8,"column":null}},"1":{"start":{"line":13,"column":2},"end":{"line":21,"column":null}}},"fnMap":{"0":{"name":"createPnpmWorkspaceSourceModel","decl":{"start":{"line":10,"column":16},"end":{"line":10,"column":null}},"loc":{"start":{"line":12,"column":28},"end":{"line":22,"column":null}},"line":12}},"branchMap":{"0":{"loc":{"start":{"line":15,"column":8},"end":{"line":20,"column":null}},"type":"cond-expr","locations":[{"start":{"line":16,"column":8},"end":{"line":19,"column":null}},{"start":{"line":20,"column":8},"end":{"line":20,"column":null}}],"line":15}},"s":{"0":3,"1":3},"f":{"0":3},"b":{"0":[1,2]},"meta":{"lastBranch":1,"lastFunction":1,"lastStatement":2,"seen":{"s:4:61:8:Infinity":0,"f:10:16:10:Infinity":0,"s:13:2:21:Infinity":1,"b:16:8:19:Infinity:20:8:20:Infinity":0},"fnNames":{}}}
,"/Users/u1366581/CODE/github/monorepo/packages/framework/http/tools/create-http/src/generation/calculations/createTodoControllerSourceModel.ts": {"path":"/Users/u1366581/CODE/github/monorepo/packages/framework/http/tools/create-http/src/generation/calculations/createTodoControllerSourceModel.ts","statementMap":{"0":{"start":{"line":9,"column":55},"end":{"line":12,"column":null}},"1":{"start":{"line":16,"column":4},"end":{"line":30,"column":null}},"2":{"start":{"line":34,"column":4},"end":{"line":39,"column":null}},"3":{"start":{"line":44,"column":2},"end":{"line":62,"column":null}},"4":{"start":{"line":46,"column":6},"end":{"line":55,"column":null}},"5":{"start":{"line":57,"column":6},"end":{"line":61,"column":null}}},"fnMap":{"0":{"name":"createTodoControllerSourceModel","decl":{"start":{"line":41,"column":16},"end":{"line":41,"column":null}},"loc":{"start":{"line":43,"column":29},"end":{"line":63,"column":null}},"line":43}},"branchMap":{"0":{"loc":{"start":{"line":44,"column":2},"end":{"line":62,"column":null}},"type":"switch","locations":[{"start":{"line":45,"column":4},"end":{"line":55,"column":null}},{"start":{"line":56,"column":4},"end":{"line":61,"column":null}}],"line":44}},"s":{"0":4,"1":4,"2":4,"3":8,"4":2,"5":6},"f":{"0":8},"b":{"0":[2,6]},"meta":{"lastBranch":1,"lastFunction":1,"lastStatement":6,"seen":{"s:9:55:12:Infinity":0,"s:16:4:30:Infinity":1,"s:34:4:39:Infinity":2,"f:41:16:41:Infinity":0,"b:45:4:55:Infinity:56:4:61:Infinity":0,"s:44:2:62:Infinity":3,"s:46:6:55:Infinity":4,"s:57:6:61:Infinity":5},"fnNames":{}}}
,"/Users/u1366581/CODE/github/monorepo/packages/framework/http/tools/create-http/src/generation/calculations/createYarnRcSourceModel.ts": {"path":"/Users/u1366581/CODE/github/monorepo/packages/framework/http/tools/create-http/src/generation/calculations/createYarnRcSourceModel.ts","statementMap":{"0":{"start":{"line":11,"column":41},"end":{"line":18,"column":null}},"1":{"start":{"line":17,"column":4},"end":{"line":17,"column":null}},"2":{"start":{"line":20,"column":60},"end":{"line":20,"column":null}},"3":{"start":{"line":22,"column":2},"end":{"line":26,"column":null}},"4":{"start":{"line":23,"column":4},"end":{"line":25,"column":null}},"5":{"start":{"line":28,"column":2},"end":{"line":30,"column":null}}},"fnMap":{"0":{"name":"createYarnRcSourceModel","decl":{"start":{"line":7,"column":16},"end":{"line":7,"column":null}},"loc":{"start":{"line":10,"column":21},"end":{"line":31,"column":null}},"line":10},"1":{"name":"(anonymous_1)","decl":{"start":{"line":16,"column":4},"end":{"line":16,"column":10}},"loc":{"start":{"line":17,"column":4},"end":{"line":17,"column":null}},"line":17}},"branchMap":{"0":{"loc":{"start":{"line":13,"column":10},"end":{"line":13,"column":null}},"type":"binary-expr","locations":[{"start":{"line":13,"column":10},"end":{"line":13,"column":74}},{"start":{"line":13,"column":74},"end":{"line":13,"column":null}}],"line":13},"1":{"loc":{"start":{"line":14,"column":10},"end":{"line":14,"column":null}},"type":"binary-expr","locations":[{"start":{"line":14,"column":10},"end":{"line":14,"column":70}},{"start":{"line":14,"column":70},"end":{"line":14,"column":null}}],"line":14}},"s":{"0":3,"1":10,"2":3,"3":3,"4":10,"5":3},"f":{"0":3,"1":10},"b":{"0":[3,2],"1":[3,0]},"meta":{"lastBranch":2,"lastFunction":2,"lastStatement":6,"seen":{"f:7:16:7:Infinity":0,"s:11:41:18:Infinity":0,"b:13:10:13:74:13:74:13:Infinity":0,"b:14:10:14:70:14:70:14:Infinity":1,"f:16:4:16:10":1,"s:17:4:17:Infinity":1,"s:20:60:20:Infinity":2,"s:22:2:26:Infinity":3,"s:23:4:25:Infinity":4,"s:28:2:30:Infinity":5},"fnNames":{}}}
,"/Users/u1366581/CODE/github/monorepo/packages/framework/http/tools/create-http/src/generation/calculations/generateBootstrapSource.ts": {"path":"/Users/u1366581/CODE/github/monorepo/packages/framework/http/tools/create-http/src/generation/calculations/generateBootstrapSource.ts","statementMap":{"0":{"start":{"line":21,"column":2},"end":{"line":47,"column":null}},"1":{"start":{"line":33,"column":49},"end":{"line":41,"column":null}},"2":{"start":{"line":53,"column":27},"end":{"line":59,"column":null}},"3":{"start":{"line":61,"column":33},"end":{"line":61,"column":null}},"4":{"start":{"line":63,"column":2},"end":{"line":65,"column":null}},"5":{"start":{"line":64,"column":4},"end":{"line":64,"column":null}},"6":{"start":{"line":67,"column":2},"end":{"line":75,"column":null}},"7":{"start":{"line":77,"column":2},"end":{"line":80,"column":null}},"8":{"start":{"line":82,"column":2},"end":{"line":85,"column":null}},"9":{"start":{"line":87,"column":2},"end":{"line":90,"column":null}},"10":{"start":{"line":92,"column":2},"end":{"line":95,"column":null}},"11":{"start":{"line":97,"column":2},"end":{"line":100,"column":null}},"12":{"start":{"line":102,"column":2},"end":{"line":105,"column":null}},"13":{"start":{"line":107,"column":2},"end":{"line":110,"column":null}},"14":{"start":{"line":112,"column":2},"end":{"line":143,"column":null}},"15":{"start":{"line":145,"column":2},"end":{"line":148,"column":null}},"16":{"start":{"line":150,"column":2},"end":{"line":163,"column":null}},"17":{"start":{"line":165,"column":54},"end":{"line":170,"column":null}},"18":{"start":{"line":172,"column":2},"end":{"line":178,"column":null}},"19":{"start":{"line":181,"column":4},"end":{"line":183,"column":null}},"20":{"start":{"line":185,"column":44},"end":{"line":216,"column":null}},"21":{"start":{"line":218,"column":2},"end":{"line":224,"column":null}},"22":{"start":{"line":226,"column":2},"end":{"line":226,"column":null}}},"fnMap":{"0":{"name":"toImportDeclarationStructure","decl":{"start":{"line":18,"column":9},"end":{"line":18,"column":null}},"loc":{"start":{"line":20,"column":44},"end":{"line":48,"column":null}},"line":20},"1":{"name":"(anonymous_1)","decl":{"start":{"line":32,"column":50},"end":{"line":32,"column":null}},"loc":{"start":{"line":33,"column":49},"end":{"line":41,"column":null}},"line":33},"2":{"name":"generateBootstrapSource","decl":{"start":{"line":50,"column":22},"end":{"line":50,"column":null}},"loc":{"start":{"line":52,"column":19},"end":{"line":227,"column":null}},"line":52}},"branchMap":{"0":{"loc":{"start":{"line":22,"column":8},"end":{"line":24,"column":null}},"type":"cond-expr","locations":[{"start":{"line":23,"column":8},"end":{"line":23,"column":null}},{"start":{"line":24,"column":8},"end":{"line":24,"column":null}}],"line":22},"1":{"loc":{"start":{"line":25,"column":8},"end":{"line":27,"column":null}},"type":"cond-expr","locations":[{"start":{"line":26,"column":8},"end":{"line":26,"column":null}},{"start":{"line":27,"column":8},"end":{"line":27,"column":null}}],"line":25},"2":{"loc":{"start":{"line":29,"column":8},"end":{"line":43,"column":null}},"type":"cond-expr","locations":[{"start":{"line":30,"column":8},"end":{"line":30,"column":null}},{"start":{"line":31,"column":8},"end":{"line":43,"column":null}}],"line":29},"3":{"loc":{"start":{"line":34,"column":18},"end":{"line":36,"column":null}},"type":"cond-expr","locations":[{"start":{"line":35,"column":18},"end":{"line":35,"column":null}},{"start":{"line":36,"column":18},"end":{"line":36,"column":null}}],"line":34},"4":{"loc":{"start":{"line":37,"column":18},"end":{"line":39,"column":null}},"type":"cond-expr","locations":[{"start":{"line":38,"column":18},"end":{"line":38,"column":null}},{"start":{"line":39,"column":18},"end":{"line":39,"column":null}}],"line":37},"5":{"loc":{"start":{"line":44,"column":8},"end":{"line":46,"column":null}},"type":"cond-expr","locations":[{"start":{"line":45,"column":8},"end":{"line":45,"column":null}},{"start":{"line":46,"column":8},"end":{"line":46,"column":null}}],"line":44},"6":{"loc":{"start":{"line":168,"column":8},"end":{"line":168,"column":null}},"type":"binary-expr","locations":[{"start":{"line":168,"column":8},"end":{"line":168,"column":51}},{"start":{"line":168,"column":51},"end":{"line":168,"column":null}}],"line":168},"7":{"loc":{"start":{"line":181,"column":4},"end":{"line":183,"column":null}},"type":"cond-expr","locations":[{"start":{"line":182,"column":8},"end":{"line":182,"column":null}},{"start":{"line":183,"column":8},"end":{"line":183,"column":null}}],"line":181}},"s":{"0":61,"1":58,"2":7,"3":7,"4":7,"5":61,"6":7,"7":7,"8":7,"9":7,"10":7,"11":7,"12":7,"13":7,"14":7,"15":7,"16":7,"17":7,"18":7,"19":7,"20":7,"21":7,"22":7},"f":{"0":61,"1":58,"2":7},"b":{"0":[58,3],"1":[58,3],"2":[3,58],"3":[58,0],"4":[56,2],"5":[61,0],"6":[7,0],"7":[1,6]},"meta":{"lastBranch":8,"lastFunction":3,"lastStatement":23,"seen":{"f:18:9:18:Infinity":0,"s:21:2:47:Infinity":0,"b:23:8:23:Infinity:24:8:24:Infinity":0,"b:26:8:26:Infinity:27:8:27:Infinity":1,"b:30:8:30:Infinity:31:8:43:Infinity":2,"f:32:50:32:Infinity":1,"s:33:49:41:Infinity":1,"b:35:18:35:Infinity:36:18:36:Infinity":3,"b:38:18:38:Infinity:39:18:39:Infinity":4,"b:45:8:45:Infinity:46:8:46:Infinity":5,"f:50:22:50:Infinity":2,"s:53:27:59:Infinity":2,"s:61:33:61:Infinity":3,"s:63:2:65:Infinity":4,"s:64:4:64:Infinity":5,"s:67:2:75:Infinity":6,"s:77:2:80:Infinity":7,"s:82:2:85:Infinity":8,"s:87:2:90:Infinity":9,"s:92:2:95:Infinity":10,"s:97:2:100:Infinity":11,"s:102:2:105:Infinity":12,"s:107:2:110:Infinity":13,"s:112:2:143:Infinity":14,"s:145:2:148:Infinity":15,"s:150:2:163:Infinity":16,"s:165:54:170:Infinity":17,"b:168:8:168:51:168:51:168:Infinity":6,"s:172:2:178:Infinity":18,"s:181:4:183:Infinity":19,"b:182:8:182:Infinity:183:8:183:Infinity":7,"s:185:44:216:Infinity":20,"s:218:2:224:Infinity":21,"s:226:2:226:Infinity":22},"fnNames":{}}}
,"/Users/u1366581/CODE/github/monorepo/packages/framework/http/tools/create-http/src/generation/calculations/generateBuilderSource.ts": {"path":"/Users/u1366581/CODE/github/monorepo/packages/framework/http/tools/create-http/src/generation/calculations/generateBuilderSource.ts","statementMap":{"0":{"start":{"line":2,"column":2},"end":{"line":2,"column":null}}},"fnMap":{"0":{"name":"generateBuilderSource","decl":{"start":{"line":1,"column":16},"end":{"line":1,"column":48}},"loc":{"start":{"line":1,"column":48},"end":{"line":6,"column":null}},"line":1}},"branchMap":{},"s":{"0":3},"f":{"0":3},"b":{},"meta":{"lastBranch":0,"lastFunction":1,"lastStatement":1,"seen":{"f:1:16:1:48":0,"s:2:2:2:Infinity":0},"fnNames":{}}}
,"/Users/u1366581/CODE/github/monorepo/packages/framework/http/tools/create-http/src/generation/calculations/generateCreateTodoV1RequestBodySource.ts": {"path":"/Users/u1366581/CODE/github/monorepo/packages/framework/http/tools/create-http/src/generation/calculations/generateCreateTodoV1RequestBodySource.ts","statementMap":{"0":{"start":{"line":2,"column":2},"end":{"line":2,"column":null}}},"fnMap":{"0":{"name":"generateCreateTodoV1RequestBodySource","decl":{"start":{"line":1,"column":16},"end":{"line":1,"column":64}},"loc":{"start":{"line":1,"column":64},"end":{"line":22,"column":null}},"line":1}},"branchMap":{},"s":{"0":3},"f":{"0":3},"b":{},"meta":{"lastBranch":0,"lastFunction":1,"lastStatement":1,"seen":{"f:1:16:1:64":0,"s:2:2:2:Infinity":0},"fnNames":{}}}
,"/Users/u1366581/CODE/github/monorepo/packages/framework/http/tools/create-http/src/generation/calculations/generateIndexSource.ts": {"path":"/Users/u1366581/CODE/github/monorepo/packages/framework/http/tools/create-http/src/generation/calculations/generateIndexSource.ts","statementMap":{"0":{"start":{"line":2,"column":2},"end":{"line":2,"column":null}}},"fnMap":{"0":{"name":"generateIndexSource","decl":{"start":{"line":1,"column":16},"end":{"line":1,"column":46}},"loc":{"start":{"line":1,"column":46},"end":{"line":6,"column":null}},"line":1}},"branchMap":{},"s":{"0":3},"f":{"0":3},"b":{},"meta":{"lastBranch":0,"lastFunction":1,"lastStatement":1,"seen":{"f:1:16:1:46":0,"s:2:2:2:Infinity":0},"fnNames":{}}}
,"/Users/u1366581/CODE/github/monorepo/packages/framework/http/tools/create-http/src/generation/calculations/generateLoggerContainerModuleSource.ts": {"path":"/Users/u1366581/CODE/github/monorepo/packages/framework/http/tools/create-http/src/generation/calculations/generateLoggerContainerModuleSource.ts","statementMap":{"0":{"start":{"line":2,"column":2},"end":{"line":2,"column":null}}},"fnMap":{"0":{"name":"generateLoggerContainerModuleSource","decl":{"start":{"line":1,"column":16},"end":{"line":1,"column":62}},"loc":{"start":{"line":1,"column":62},"end":{"line":28,"column":null}},"line":1}},"branchMap":{},"s":{"0":3},"f":{"0":3},"b":{},"meta":{"lastBranch":0,"lastFunction":1,"lastStatement":1,"seen":{"f:1:16:1:62":0,"s:2:2:2:Infinity":0},"fnNames":{}}}
,"/Users/u1366581/CODE/github/monorepo/packages/framework/http/tools/create-http/src/generation/calculations/generateLoggerFactoryIdentifierSource.ts": {"path":"/Users/u1366581/CODE/github/monorepo/packages/framework/http/tools/create-http/src/generation/calculations/generateLoggerFactoryIdentifierSource.ts","statementMap":{"0":{"start":{"line":2,"column":2},"end":{"line":2,"column":null}}},"fnMap":{"0":{"name":"generateLoggerFactoryIdentifierSource","decl":{"start":{"line":1,"column":16},"end":{"line":1,"column":64}},"loc":{"start":{"line":1,"column":64},"end":{"line":4,"column":null}},"line":1}},"branchMap":{},"s":{"0":3},"f":{"0":3},"b":{},"meta":{"lastBranch":0,"lastFunction":1,"lastStatement":1,"seen":{"f:1:16:1:64":0,"s:2:2:2:Infinity":0},"fnNames":{}}}
,"/Users/u1366581/CODE/github/monorepo/packages/framework/http/tools/create-http/src/generation/calculations/generatePaginatedTodosV1ResponseSource.ts": {"path":"/Users/u1366581/CODE/github/monorepo/packages/framework/http/tools/create-http/src/generation/calculations/generatePaginatedTodosV1ResponseSource.ts","statementMap":{"0":{"start":{"line":2,"column":2},"end":{"line":2,"column":null}}},"fnMap":{"0":{"name":"generatePaginatedTodosV1ResponseSource","decl":{"start":{"line":1,"column":16},"end":{"line":1,"column":65}},"loc":{"start":{"line":1,"column":65},"end":{"line":43,"column":null}},"line":1}},"branchMap":{},"s":{"0":3},"f":{"0":3},"b":{},"meta":{"lastBranch":0,"lastFunction":1,"lastStatement":1,"seen":{"f:1:16:1:65":0,"s:2:2:2:Infinity":0},"fnNames":{}}}
,"/Users/u1366581/CODE/github/monorepo/packages/framework/http/tools/create-http/src/generation/calculations/generatePnpmWorkspaceSource.ts": {"path":"/Users/u1366581/CODE/github/monorepo/packages/framework/http/tools/create-http/src/generation/calculations/generatePnpmWorkspaceSource.ts","statementMap":{"0":{"start":{"line":4,"column":2},"end":{"line":6,"column":null}},"1":{"start":{"line":5,"column":4},"end":{"line":5,"column":null}},"2":{"start":{"line":8,"column":2},"end":{"line":8,"column":null}},"3":{"start":{"line":14,"column":26},"end":{"line":17,"column":null}},"4":{"start":{"line":19,"column":2},"end":{"line":21,"column":null}},"5":{"start":{"line":20,"column":4},"end":{"line":20,"column":null}},"6":{"start":{"line":23,"column":2},"end":{"line":28,"column":null}},"7":{"start":{"line":24,"column":4},"end":{"line":26,"column":null}},"8":{"start":{"line":27,"column":4},"end":{"line":27,"column":null}},"9":{"start":{"line":30,"column":2},"end":{"line":30,"column":null}}},"fnMap":{"0":{"name":"formatYamlKey","decl":{"start":{"line":3,"column":9},"end":{"line":3,"column":23}},"loc":{"start":{"line":3,"column":44},"end":{"line":9,"column":null}},"line":3},"1":{"name":"generatePnpmWorkspaceSource","decl":{"start":{"line":11,"column":16},"end":{"line":11,"column":null}},"loc":{"start":{"line":13,"column":10},"end":{"line":31,"column":null}},"line":13}},"branchMap":{"0":{"loc":{"start":{"line":4,"column":2},"end":{"line":6,"column":null}},"type":"if","locations":[{"start":{"line":4,"column":2},"end":{"line":6,"column":null}},{"start":{},"end":{}}],"line":4},"1":{"loc":{"start":{"line":23,"column":2},"end":{"line":28,"column":null}},"type":"if","locations":[{"start":{"line":23,"column":2},"end":{"line":28,"column":null}},{"start":{},"end":{}}],"line":23}},"s":{"0":9,"1":3,"2":6,"3":3,"4":3,"5":9,"6":3,"7":1,"8":1,"9":3},"f":{"0":9,"1":3},"b":{"0":[3,6],"1":[1,2]},"meta":{"lastBranch":2,"lastFunction":2,"lastStatement":10,"seen":{"f:3:9:3:23":0,"b:4:2:6:Infinity:undefined:undefined:undefined:undefined":0,"s:4:2:6:Infinity":0,"s:5:4:5:Infinity":1,"s:8:2:8:Infinity":2,"f:11:16:11:Infinity":1,"s:14:26:17:Infinity":3,"s:19:2:21:Infinity":4,"s:20:4:20:Infinity":5,"b:23:2:28:Infinity:undefined:undefined:undefined:undefined":1,"s:23:2:28:Infinity":6,"s:24:4:26:Infinity":7,"s:27:4:27:Infinity":8,"s:30:2:30:Infinity":9},"fnNames":{}}}
,"/Users/u1366581/CODE/github/monorepo/packages/framework/http/tools/create-http/src/generation/calculations/generatePrismaTodoPersistenceAdapterSource.ts": {"path":"/Users/u1366581/CODE/github/monorepo/packages/framework/http/tools/create-http/src/generation/calculations/generatePrismaTodoPersistenceAdapterSource.ts","statementMap":{"0":{"start":{"line":2,"column":2},"end":{"line":2,"column":null}}},"fnMap":{"0":{"name":"generatePrismaTodoPersistenceAdapterSource","decl":{"start":{"line":1,"column":16},"end":{"line":1,"column":69}},"loc":{"start":{"line":1,"column":69},"end":{"line":159,"column":null}},"line":1}},"branchMap":{},"s":{"0":3},"f":{"0":3},"b":{},"meta":{"lastBranch":0,"lastFunction":1,"lastStatement":1,"seen":{"f:1:16:1:69":0,"s:2:2:2:Infinity":0},"fnNames":{}}}
,"/Users/u1366581/CODE/github/monorepo/packages/framework/http/tools/create-http/src/generation/calculations/generateStatusContainerModuleSource.ts": {"path":"/Users/u1366581/CODE/github/monorepo/packages/framework/http/tools/create-http/src/generation/calculations/generateStatusContainerModuleSource.ts","statementMap":{"0":{"start":{"line":2,"column":2},"end":{"line":2,"column":null}}},"fnMap":{"0":{"name":"generateStatusContainerModuleSource","decl":{"start":{"line":1,"column":16},"end":{"line":1,"column":62}},"loc":{"start":{"line":1,"column":62},"end":{"line":16,"column":null}},"line":1}},"branchMap":{},"s":{"0":3},"f":{"0":3},"b":{},"meta":{"lastBranch":0,"lastFunction":1,"lastStatement":1,"seen":{"f:1:16:1:62":0,"s:2:2:2:Infinity":0},"fnNames":{}}}
,"/Users/u1366581/CODE/github/monorepo/packages/framework/http/tools/create-http/src/generation/calculations/generateStatusControllerSource.ts": {"path":"/Users/u1366581/CODE/github/monorepo/packages/framework/http/tools/create-http/src/generation/calculations/generateStatusControllerSource.ts","statementMap":{"0":{"start":{"line":2,"column":2},"end":{"line":2,"column":null}}},"fnMap":{"0":{"name":"generateStatusControllerSource","decl":{"start":{"line":1,"column":16},"end":{"line":1,"column":57}},"loc":{"start":{"line":1,"column":57},"end":{"line":50,"column":null}},"line":1}},"branchMap":{},"s":{"0":3},"f":{"0":3},"b":{},"meta":{"lastBranch":0,"lastFunction":1,"lastStatement":1,"seen":{"f:1:16:1:57":0,"s:2:2:2:Infinity":0},"fnNames":{}}}
,"/Users/u1366581/CODE/github/monorepo/packages/framework/http/tools/create-http/src/generation/calculations/generateStatusDomainModelSource.ts": {"path":"/Users/u1366581/CODE/github/monorepo/packages/framework/http/tools/create-http/src/generation/calculations/generateStatusDomainModelSource.ts","statementMap":{"0":{"start":{"line":2,"column":2},"end":{"line":2,"column":null}}},"fnMap":{"0":{"name":"generateStatusDomainModelSource","decl":{"start":{"line":1,"column":16},"end":{"line":1,"column":58}},"loc":{"start":{"line":1,"column":58},"end":{"line":6,"column":null}},"line":1}},"branchMap":{},"s":{"0":3},"f":{"0":3},"b":{},"meta":{"lastBranch":0,"lastFunction":1,"lastStatement":1,"seen":{"f:1:16:1:58":0,"s:2:2:2:Infinity":0},"fnNames":{}}}
,"/Users/u1366581/CODE/github/monorepo/packages/framework/http/tools/create-http/src/generation/calculations/generateStatusV1FromStatusBuilderSource.ts": {"path":"/Users/u1366581/CODE/github/monorepo/packages/framework/http/tools/create-http/src/generation/calculations/generateStatusV1FromStatusBuilderSource.ts","statementMap":{"0":{"start":{"line":2,"column":2},"end":{"line":2,"column":null}}},"fnMap":{"0":{"name":"generateStatusV1FromStatusBuilderSource","decl":{"start":{"line":1,"column":16},"end":{"line":1,"column":66}},"loc":{"start":{"line":1,"column":66},"end":{"line":17,"column":null}},"line":1}},"branchMap":{},"s":{"0":3},"f":{"0":3},"b":{},"meta":{"lastBranch":0,"lastFunction":1,"lastStatement":1,"seen":{"f:1:16:1:66":0,"s:2:2:2:Infinity":0},"fnNames":{}}}
,"/Users/u1366581/CODE/github/monorepo/packages/framework/http/tools/create-http/src/generation/calculations/generateStatusV1Source.ts": {"path":"/Users/u1366581/CODE/github/monorepo/packages/framework/http/tools/create-http/src/generation/calculations/generateStatusV1Source.ts","statementMap":{"0":{"start":{"line":2,"column":2},"end":{"line":2,"column":null}}},"fnMap":{"0":{"name":"generateStatusV1Source","decl":{"start":{"line":1,"column":16},"end":{"line":1,"column":49}},"loc":{"start":{"line":1,"column":49},"end":{"line":17,"column":null}},"line":1}},"branchMap":{},"s":{"0":3},"f":{"0":3},"b":{},"meta":{"lastBranch":0,"lastFunction":1,"lastStatement":1,"seen":{"f:1:16:1:49":0,"s:2:2:2:Infinity":0},"fnNames":{}}}
,"/Users/u1366581/CODE/github/monorepo/packages/framework/http/tools/create-http/src/generation/calculations/generateTodoContainerModuleSource.ts": {"path":"/Users/u1366581/CODE/github/monorepo/packages/framework/http/tools/create-http/src/generation/calculations/generateTodoContainerModuleSource.ts","statementMap":{"0":{"start":{"line":2,"column":2},"end":{"line":2,"column":null}}},"fnMap":{"0":{"name":"generateTodoContainerModuleSource","decl":{"start":{"line":1,"column":16},"end":{"line":1,"column":60}},"loc":{"start":{"line":1,"column":60},"end":{"line":16,"column":null}},"line":1}},"branchMap":{},"s":{"0":3},"f":{"0":3},"b":{},"meta":{"lastBranch":0,"lastFunction":1,"lastStatement":1,"seen":{"f:1:16:1:60":0,"s:2:2:2:Infinity":0},"fnNames":{}}}
,"/Users/u1366581/CODE/github/monorepo/packages/framework/http/tools/create-http/src/generation/calculations/generateTodoControllerSource.ts": {"path":"/Users/u1366581/CODE/github/monorepo/packages/framework/http/tools/create-http/src/generation/calculations/generateTodoControllerSource.ts","statementMap":{"0":{"start":{"line":28,"column":2},"end":{"line":54,"column":null}},"1":{"start":{"line":40,"column":49},"end":{"line":48,"column":null}},"2":{"start":{"line":60,"column":31},"end":{"line":60,"column":null}},"3":{"start":{"line":62,"column":2},"end":{"line":64,"column":null}},"4":{"start":{"line":63,"column":4},"end":{"line":63,"column":null}},"5":{"start":{"line":66,"column":2},"end":{"line":68,"column":null}},"6":{"start":{"line":67,"column":4},"end":{"line":67,"column":null}},"7":{"start":{"line":70,"column":2},"end":{"line":78,"column":null}},"8":{"start":{"line":71,"column":4},"end":{"line":77,"column":null}},"9":{"start":{"line":72,"column":6},"end":{"line":72,"column":null}},"10":{"start":{"line":74,"column":6},"end":{"line":76,"column":null}},"11":{"start":{"line":75,"column":58},"end":{"line":75,"column":70}},"12":{"start":{"line":80,"column":2},"end":{"line":82,"column":null}},"13":{"start":{"line":81,"column":4},"end":{"line":81,"column":null}},"14":{"start":{"line":84,"column":2},"end":{"line":86,"column":null}},"15":{"start":{"line":85,"column":4},"end":{"line":85,"column":null}},"16":{"start":{"line":88,"column":2},"end":{"line":88,"column":null}},"17":{"start":{"line":96,"column":4},"end":{"line":96,"column":null}},"18":{"start":{"line":98,"column":2},"end":{"line":100,"column":null}},"19":{"start":{"line":99,"column":4},"end":{"line":99,"column":null}},"20":{"start":{"line":102,"column":2},"end":{"line":107,"column":null}},"21":{"start":{"line":115,"column":4},"end":{"line":115,"column":null}},"22":{"start":{"line":117,"column":2},"end":{"line":119,"column":null}},"23":{"start":{"line":118,"column":4},"end":{"line":118,"column":null}},"24":{"start":{"line":121,"column":2},"end":{"line":124,"column":null}},"25":{"start":{"line":121,"column":56},"end":{"line":124,"column":4}},"26":{"start":{"line":128,"column":2},"end":{"line":131,"column":null}},"27":{"start":{"line":130,"column":6},"end":{"line":130,"column":null}},"28":{"start":{"line":137,"column":2},"end":{"line":201,"column":null}},"29":{"start":{"line":207,"column":2},"end":{"line":278,"column":null}},"30":{"start":{"line":284,"column":2},"end":{"line":358,"column":null}},"31":{"start":{"line":364,"column":2},"end":{"line":451,"column":null}},"32":{"start":{"line":457,"column":2},"end":{"line":561,"column":null}},"33":{"start":{"line":567,"column":27},"end":{"line":573,"column":null}},"34":{"start":{"line":575,"column":33},"end":{"line":575,"column":null}},"35":{"start":{"line":577,"column":2},"end":{"line":590,"column":null}},"36":{"start":{"line":592,"column":2},"end":{"line":594,"column":null}},"37":{"start":{"line":593,"column":4},"end":{"line":593,"column":null}},"38":{"start":{"line":596,"column":2},"end":{"line":608,"column":null}},"39":{"start":{"line":610,"column":2},"end":{"line":617,"column":null}},"40":{"start":{"line":619,"column":2},"end":{"line":622,"column":null}},"41":{"start":{"line":624,"column":2},"end":{"line":628,"column":null}},"42":{"start":{"line":630,"column":2},"end":{"line":638,"column":null}},"43":{"start":{"line":640,"column":2},"end":{"line":643,"column":null}},"44":{"start":{"line":645,"column":2},"end":{"line":648,"column":null}},"45":{"start":{"line":650,"column":2},"end":{"line":653,"column":null}},"46":{"start":{"line":655,"column":2},"end":{"line":658,"column":null}},"47":{"start":{"line":660,"column":2},"end":{"line":663,"column":null}},"48":{"start":{"line":665,"column":2},"end":{"line":668,"column":null}},"49":{"start":{"line":670,"column":2},"end":{"line":684,"column":null}},"50":{"start":{"line":686,"column":2},"end":{"line":739,"column":null}},"51":{"start":{"line":741,"column":2},"end":{"line":741,"column":null}}},"fnMap":{"0":{"name":"toImportDeclarationStructure","decl":{"start":{"line":25,"column":9},"end":{"line":25,"column":null}},"loc":{"start":{"line":27,"column":44},"end":{"line":55,"column":null}},"line":27},"1":{"name":"(anonymous_1)","decl":{"start":{"line":39,"column":50},"end":{"line":39,"column":null}},"loc":{"start":{"line":40,"column":49},"end":{"line":48,"column":null}},"line":40},"2":{"name":"formatCaptureRequestValuesOptions","decl":{"start":{"line":57,"column":9},"end":{"line":57,"column":null}},"loc":{"start":{"line":59,"column":10},"end":{"line":89,"column":null}},"line":59},"3":{"name":"(anonymous_3)","decl":{"start":{"line":75,"column":35},"end":{"line":75,"column":40}},"loc":{"start":{"line":75,"column":58},"end":{"line":75,"column":70}},"line":75},"4":{"name":"buildCaptureRequestValuesDecorator","decl":{"start":{"line":91,"column":9},"end":{"line":91,"column":null}},"loc":{"start":{"line":94,"column":38},"end":{"line":108,"column":null}},"line":94},"5":{"name":"buildSetHeaderDecorators","decl":{"start":{"line":110,"column":9},"end":{"line":110,"column":null}},"loc":{"start":{"line":113,"column":38},"end":{"line":125,"column":null}},"line":113},"6":{"name":"(anonymous_6)","decl":{"start":{"line":121,"column":17},"end":{"line":121,"column":22}},"loc":{"start":{"line":121,"column":56},"end":{"line":124,"column":4}},"line":121},"7":{"name":"hasMethodHeaders","decl":{"start":{"line":127,"column":9},"end":{"line":127,"column":26}},"loc":{"start":{"line":127,"column":69},"end":{"line":132,"column":null}},"line":127},"8":{"name":"(anonymous_8)","decl":{"start":{"line":128,"column":44},"end":{"line":128,"column":null}},"loc":{"start":{"line":130,"column":6},"end":{"line":130,"column":null}},"line":130},"9":{"name":"buildCreateTodoMethod","decl":{"start":{"line":134,"column":9},"end":{"line":134,"column":null}},"loc":{"start":{"line":136,"column":44},"end":{"line":202,"column":null}},"line":136},"10":{"name":"buildDeleteTodoMethod","decl":{"start":{"line":204,"column":9},"end":{"line":204,"column":null}},"loc":{"start":{"line":206,"column":44},"end":{"line":279,"column":null}},"line":206},"11":{"name":"buildGetTodoMethod","decl":{"start":{"line":281,"column":9},"end":{"line":281,"column":null}},"loc":{"start":{"line":283,"column":44},"end":{"line":359,"column":null}},"line":283},"12":{"name":"buildListTodosMethod","decl":{"start":{"line":361,"column":9},"end":{"line":361,"column":null}},"loc":{"start":{"line":363,"column":44},"end":{"line":452,"column":null}},"line":363},"13":{"name":"buildUpdateTodoMethod","decl":{"start":{"line":454,"column":9},"end":{"line":454,"column":null}},"loc":{"start":{"line":456,"column":44},"end":{"line":562,"column":null}},"line":456},"14":{"name":"generateTodoControllerSource","decl":{"start":{"line":564,"column":22},"end":{"line":564,"column":null}},"loc":{"start":{"line":566,"column":19},"end":{"line":742,"column":null}},"line":566}},"branchMap":{"0":{"loc":{"start":{"line":29,"column":8},"end":{"line":31,"column":null}},"type":"cond-expr","locations":[{"start":{"line":30,"column":8},"end":{"line":30,"column":null}},{"start":{"line":31,"column":8},"end":{"line":31,"column":null}}],"line":29},"1":{"loc":{"start":{"line":32,"column":8},"end":{"line":34,"column":null}},"type":"cond-expr","locations":[{"start":{"line":33,"column":8},"end":{"line":33,"column":null}},{"start":{"line":34,"column":8},"end":{"line":34,"column":null}}],"line":32},"2":{"loc":{"start":{"line":36,"column":8},"end":{"line":50,"column":null}},"type":"cond-expr","locations":[{"start":{"line":37,"column":8},"end":{"line":37,"column":null}},{"start":{"line":38,"column":8},"end":{"line":50,"column":null}}],"line":36},"3":{"loc":{"start":{"line":41,"column":18},"end":{"line":43,"column":null}},"type":"cond-expr","locations":[{"start":{"line":42,"column":18},"end":{"line":42,"column":null}},{"start":{"line":43,"column":18},"end":{"line":43,"column":null}}],"line":41},"4":{"loc":{"start":{"line":44,"column":18},"end":{"line":46,"column":null}},"type":"cond-expr","locations":[{"start":{"line":45,"column":18},"end":{"line":45,"column":null}},{"start":{"line":46,"column":18},"end":{"line":46,"column":null}}],"line":44},"5":{"loc":{"start":{"line":51,"column":8},"end":{"line":53,"column":null}},"type":"cond-expr","locations":[{"start":{"line":52,"column":8},"end":{"line":52,"column":null}},{"start":{"line":53,"column":8},"end":{"line":53,"column":null}}],"line":51},"6":{"loc":{"start":{"line":62,"column":2},"end":{"line":64,"column":null}},"type":"if","locations":[{"start":{"line":62,"column":2},"end":{"line":64,"column":null}},{"start":{},"end":{}}],"line":62},"7":{"loc":{"start":{"line":66,"column":2},"end":{"line":68,"column":null}},"type":"if","locations":[{"start":{"line":66,"column":2},"end":{"line":68,"column":null}},{"start":{},"end":{}}],"line":66},"8":{"loc":{"start":{"line":70,"column":2},"end":{"line":78,"column":null}},"type":"if","locations":[{"start":{"line":70,"column":2},"end":{"line":78,"column":null}},{"start":{},"end":{}}],"line":70},"9":{"loc":{"start":{"line":71,"column":4},"end":{"line":77,"column":null}},"type":"if","locations":[{"start":{"line":71,"column":4},"end":{"line":77,"column":null}},{"start":{"line":73,"column":11},"end":{"line":77,"column":null}}],"line":71},"10":{"loc":{"start":{"line":80,"column":2},"end":{"line":82,"column":null}},"type":"if","locations":[{"start":{"line":80,"column":2},"end":{"line":82,"column":null}},{"start":{},"end":{}}],"line":80},"11":{"loc":{"start":{"line":84,"column":2},"end":{"line":86,"column":null}},"type":"if","locations":[{"start":{"line":84,"column":2},"end":{"line":86,"column":null}},{"start":{},"end":{}}],"line":84},"12":{"loc":{"start":{"line":98,"column":2},"end":{"line":100,"column":null}},"type":"if","locations":[{"start":{"line":98,"column":2},"end":{"line":100,"column":null}},{"start":{},"end":{}}],"line":98},"13":{"loc":{"start":{"line":117,"column":2},"end":{"line":119,"column":null}},"type":"if","locations":[{"start":{"line":117,"column":2},"end":{"line":119,"column":null}},{"start":{},"end":{}}],"line":117},"14":{"loc":{"start":{"line":130,"column":6},"end":{"line":130,"column":null}},"type":"binary-expr","locations":[{"start":{"line":130,"column":6},"end":{"line":130,"column":31}},{"start":{"line":130,"column":31},"end":{"line":130,"column":null}}],"line":130},"15":{"loc":{"start":{"line":587,"column":10},"end":{"line":587,"column":null}},"type":"cond-expr","locations":[{"start":{"line":587,"column":36},"end":{"line":587,"column":62}},{"start":{"line":587,"column":62},"end":{"line":587,"column":null}}],"line":587}},"s":{"0":1,"1":1,"2":2,"3":2,"4":2,"5":2,"6":2,"7":2,"8":1,"9":0,"10":1,"11":1,"12":2,"13":0,"14":2,"15":2,"16":2,"17":20,"18":20,"19":18,"20":2,"21":20,"22":20,"23":16,"24":4,"25":4,"26":4,"27":1,"28":4,"29":4,"30":4,"31":4,"32":4,"33":4,"34":4,"35":4,"36":4,"37":1,"38":4,"39":4,"40":4,"41":4,"42":4,"43":4,"44":4,"45":4,"46":4,"47":4,"48":4,"49":4,"50":4,"51":4},"f":{"0":1,"1":1,"2":2,"3":1,"4":20,"5":20,"6":4,"7":4,"8":1,"9":4,"10":4,"11":4,"12":4,"13":4,"14":4},"b":{"0":[1,0],"1":[1,0],"2":[0,1],"3":[1,0],"4":[1,0],"5":[1,0],"6":[2,0],"7":[2,0],"8":[1,1],"9":[0,1],"10":[0,2],"11":[2,0],"12":[18,2],"13":[16,4],"14":[1,1],"15":[1,3]},"meta":{"lastBranch":16,"lastFunction":15,"lastStatement":52,"seen":{"f:25:9:25:Infinity":0,"s:28:2:54:Infinity":0,"b:30:8:30:Infinity:31:8:31:Infinity":0,"b:33:8:33:Infinity:34:8:34:Infinity":1,"b:37:8:37:Infinity:38:8:50:Infinity":2,"f:39:50:39:Infinity":1,"s:40:49:48:Infinity":1,"b:42:18:42:Infinity:43:18:43:Infinity":3,"b:45:18:45:Infinity:46:18:46:Infinity":4,"b:52:8:52:Infinity:53:8:53:Infinity":5,"f:57:9:57:Infinity":2,"s:60:31:60:Infinity":2,"b:62:2:64:Infinity:undefined:undefined:undefined:undefined":6,"s:62:2:64:Infinity":3,"s:63:4:63:Infinity":4,"b:66:2:68:Infinity:undefined:undefined:undefined:undefined":7,"s:66:2:68:Infinity":5,"s:67:4:67:Infinity":6,"b:70:2:78:Infinity:undefined:undefined:undefined:undefined":8,"s:70:2:78:Infinity":7,"b:71:4:77:Infinity:73:11:77:Infinity":9,"s:71:4:77:Infinity":8,"s:72:6:72:Infinity":9,"s:74:6:76:Infinity":10,"f:75:35:75:40":3,"s:75:58:75:70":11,"b:80:2:82:Infinity:undefined:undefined:undefined:undefined":10,"s:80:2:82:Infinity":12,"s:81:4:81:Infinity":13,"b:84:2:86:Infinity:undefined:undefined:undefined:undefined":11,"s:84:2:86:Infinity":14,"s:85:4:85:Infinity":15,"s:88:2:88:Infinity":16,"f:91:9:91:Infinity":4,"s:96:4:96:Infinity":17,"b:98:2:100:Infinity:undefined:undefined:undefined:undefined":12,"s:98:2:100:Infinity":18,"s:99:4:99:Infinity":19,"s:102:2:107:Infinity":20,"f:110:9:110:Infinity":5,"s:115:4:115:Infinity":21,"b:117:2:119:Infinity:undefined:undefined:undefined:undefined":13,"s:117:2:119:Infinity":22,"s:118:4:118:Infinity":23,"s:121:2:124:Infinity":24,"f:121:17:121:22":6,"s:121:56:124:4":25,"f:127:9:127:26":7,"s:128:2:131:Infinity":26,"f:128:44:128:Infinity":8,"s:130:6:130:Infinity":27,"b:130:6:130:31:130:31:130:Infinity":14,"f:134:9:134:Infinity":9,"s:137:2:201:Infinity":28,"f:204:9:204:Infinity":10,"s:207:2:278:Infinity":29,"f:281:9:281:Infinity":11,"s:284:2:358:Infinity":30,"f:361:9:361:Infinity":12,"s:364:2:451:Infinity":31,"f:454:9:454:Infinity":13,"s:457:2:561:Infinity":32,"f:564:22:564:Infinity":14,"s:567:27:573:Infinity":33,"s:575:33:575:Infinity":34,"s:577:2:590:Infinity":35,"b:587:36:587:62:587:62:587:Infinity":15,"s:592:2:594:Infinity":36,"s:593:4:593:Infinity":37,"s:596:2:608:Infinity":38,"s:610:2:617:Infinity":39,"s:619:2:622:Infinity":40,"s:624:2:628:Infinity":41,"s:630:2:638:Infinity":42,"s:640:2:643:Infinity":43,"s:645:2:648:Infinity":44,"s:650:2:653:Infinity":45,"s:655:2:658:Infinity":46,"s:660:2:663:Infinity":47,"s:665:2:668:Infinity":48,"s:670:2:684:Infinity":49,"s:686:2:739:Infinity":50,"s:741:2:741:Infinity":51},"fnNames":{}}}
,"/Users/u1366581/CODE/github/monorepo/packages/framework/http/tools/create-http/src/generation/calculations/generateTodoDomainModelSource.ts": {"path":"/Users/u1366581/CODE/github/monorepo/packages/framework/http/tools/create-http/src/generation/calculations/generateTodoDomainModelSource.ts","statementMap":{"0":{"start":{"line":2,"column":2},"end":{"line":2,"column":null}}},"fnMap":{"0":{"name":"generateTodoDomainModelSource","decl":{"start":{"line":1,"column":16},"end":{"line":1,"column":56}},"loc":{"start":{"line":1,"column":56},"end":{"line":12,"column":null}},"line":1}},"branchMap":{},"s":{"0":3},"f":{"0":3},"b":{},"meta":{"lastBranch":0,"lastFunction":1,"lastStatement":1,"seen":{"f:1:16:1:56":0,"s:2:2:2:Infinity":0},"fnNames":{}}}
,"/Users/u1366581/CODE/github/monorepo/packages/framework/http/tools/create-http/src/generation/calculations/generateTodoFromPrismaTodoBuilderSource.ts": {"path":"/Users/u1366581/CODE/github/monorepo/packages/framework/http/tools/create-http/src/generation/calculations/generateTodoFromPrismaTodoBuilderSource.ts","statementMap":{"0":{"start":{"line":2,"column":2},"end":{"line":2,"column":null}}},"fnMap":{"0":{"name":"generateTodoFromPrismaTodoBuilderSource","decl":{"start":{"line":1,"column":16},"end":{"line":1,"column":66}},"loc":{"start":{"line":1,"column":66},"end":{"line":23,"column":null}},"line":1}},"branchMap":{},"s":{"0":3},"f":{"0":3},"b":{},"meta":{"lastBranch":0,"lastFunction":1,"lastStatement":1,"seen":{"f:1:16:1:66":0,"s:2:2:2:Infinity":0},"fnNames":{}}}
,"/Users/u1366581/CODE/github/monorepo/packages/framework/http/tools/create-http/src/generation/calculations/generateTodoPersistencePortIdentifierSource.ts": {"path":"/Users/u1366581/CODE/github/monorepo/packages/framework/http/tools/create-http/src/generation/calculations/generateTodoPersistencePortIdentifierSource.ts","statementMap":{"0":{"start":{"line":2,"column":2},"end":{"line":2,"column":null}}},"fnMap":{"0":{"name":"generateTodoPersistencePortIdentifierSource","decl":{"start":{"line":1,"column":16},"end":{"line":1,"column":70}},"loc":{"start":{"line":1,"column":70},"end":{"line":6,"column":null}},"line":1}},"branchMap":{},"s":{"0":2},"f":{"0":2},"b":{},"meta":{"lastBranch":0,"lastFunction":1,"lastStatement":1,"seen":{"f:1:16:1:70":0,"s:2:2:2:Infinity":0},"fnNames":{}}}
,"/Users/u1366581/CODE/github/monorepo/packages/framework/http/tools/create-http/src/generation/calculations/generateTodoPersistencePortSource.ts": {"path":"/Users/u1366581/CODE/github/monorepo/packages/framework/http/tools/create-http/src/generation/calculations/generateTodoPersistencePortSource.ts","statementMap":{"0":{"start":{"line":2,"column":2},"end":{"line":2,"column":null}}},"fnMap":{"0":{"name":"generateTodoPersistencePortSource","decl":{"start":{"line":1,"column":16},"end":{"line":1,"column":60}},"loc":{"start":{"line":1,"column":60},"end":{"line":33,"column":null}},"line":1}},"branchMap":{},"s":{"0":3},"f":{"0":3},"b":{},"meta":{"lastBranch":0,"lastFunction":1,"lastStatement":1,"seen":{"f:1:16:1:60":0,"s:2:2:2:Infinity":0},"fnNames":{}}}
,"/Users/u1366581/CODE/github/monorepo/packages/framework/http/tools/create-http/src/generation/calculations/generateTodoPrismaContainerModuleSource.ts": {"path":"/Users/u1366581/CODE/github/monorepo/packages/framework/http/tools/create-http/src/generation/calculations/generateTodoPrismaContainerModuleSource.ts","statementMap":{"0":{"start":{"line":2,"column":2},"end":{"line":2,"column":null}}},"fnMap":{"0":{"name":"generateTodoPrismaContainerModuleSource","decl":{"start":{"line":1,"column":16},"end":{"line":1,"column":66}},"loc":{"start":{"line":1,"column":66},"end":{"line":20,"column":null}},"line":1}},"branchMap":{},"s":{"0":3},"f":{"0":3},"b":{},"meta":{"lastBranch":0,"lastFunction":1,"lastStatement":1,"seen":{"f:1:16:1:66":0,"s:2:2:2:Infinity":0},"fnNames":{}}}
,"/Users/u1366581/CODE/github/monorepo/packages/framework/http/tools/create-http/src/generation/calculations/generateTodoV1FromTodoBuilderSource.ts": {"path":"/Users/u1366581/CODE/github/monorepo/packages/framework/http/tools/create-http/src/generation/calculations/generateTodoV1FromTodoBuilderSource.ts","statementMap":{"0":{"start":{"line":2,"column":2},"end":{"line":2,"column":null}}},"fnMap":{"0":{"name":"generateTodoV1FromTodoBuilderSource","decl":{"start":{"line":1,"column":16},"end":{"line":1,"column":62}},"loc":{"start":{"line":1,"column":62},"end":{"line":23,"column":null}},"line":1}},"branchMap":{},"s":{"0":3},"f":{"0":3},"b":{},"meta":{"lastBranch":0,"lastFunction":1,"lastStatement":1,"seen":{"f:1:16:1:62":0,"s:2:2:2:Infinity":0},"fnNames":{}}}
,"/Users/u1366581/CODE/github/monorepo/packages/framework/http/tools/create-http/src/generation/calculations/generateTodoV1Source.ts": {"path":"/Users/u1366581/CODE/github/monorepo/packages/framework/http/tools/create-http/src/generation/calculations/generateTodoV1Source.ts","statementMap":{"0":{"start":{"line":2,"column":2},"end":{"line":2,"column":null}}},"fnMap":{"0":{"name":"generateTodoV1Source","decl":{"start":{"line":1,"column":16},"end":{"line":1,"column":47}},"loc":{"start":{"line":1,"column":47},"end":{"line":51,"column":null}},"line":1}},"branchMap":{},"s":{"0":3},"f":{"0":3},"b":{},"meta":{"lastBranch":0,"lastFunction":1,"lastStatement":1,"seen":{"f:1:16:1:47":0,"s:2:2:2:Infinity":0},"fnNames":{}}}
[...]
ine":46,"column":6},"end":{"line":48,"column":null}},"type":"binary-expr","locations":[{"start":{"line":46,"column":6},"end":{"line":46,"column":null}},{"start":{"line":47,"column":6},"end":{"line":47,"column":null}},{"start":{"line":48,"column":7},"end":{"line":48,"column":null}}],"line":46},"3":{"loc":{"start":{"line":61,"column":2},"end":{"line":61,"column":null}},"type":"default-arg","locations":[{"start":{"line":61,"column":36},"end":{"line":61,"column":null}}],"line":61},"4":{"loc":{"start":{"line":77,"column":2},"end":{"line":77,"column":null}},"type":"default-arg","locations":[{"start":{"line":77,"column":36},"end":{"line":77,"column":null}}],"line":77},"5":{"loc":{"start":{"line":126,"column":4},"end":{"line":128,"column":null}},"type":"cond-expr","locations":[{"start":{"line":127,"column":8},"end":{"line":127,"column":null}},{"start":{"line":128,"column":8},"end":{"line":128,"column":null}}],"line":126},"6":{"loc":{"start":{"line":138,"column":6},"end":{"line":140,"column":null}},"type":"cond-expr","locations":[{"start":{"line":139,"column":10},"end":{"line":139,"column":null}},{"start":{"line":140,"column":10},"end":{"line":140,"column":null}}],"line":138},"7":{"loc":{"start":{"line":186,"column":2},"end":{"line":194,"column":null}},"type":"if","locations":[{"start":{"line":186,"column":2},"end":{"line":194,"column":null}},{"start":{},"end":{}}],"line":186},"8":{"loc":{"start":{"line":196,"column":2},"end":{"line":202,"column":null}},"type":"if","locations":[{"start":{"line":196,"column":2},"end":{"line":202,"column":null}},{"start":{},"end":{}}],"line":196}},"s":{"0":2,"1":2,"2":0,"3":0,"4":2,"5":2,"6":0,"7":16,"8":16,"9":16,"10":16,"11":2,"12":2,"13":2,"14":4,"15":4,"16":2,"17":2,"18":2,"19":2,"20":2,"21":2,"22":2,"23":2,"24":2,"25":2,"26":2,"27":2,"28":2,"29":2,"30":2,"31":2,"32":2,"33":2,"34":2,"35":2,"36":2,"37":2,"38":2,"39":2,"40":2,"41":1,"42":2,"43":1,"44":2,"45":2,"46":2,"47":2,"48":2,"49":2,"50":2,"51":2,"52":2},"f":{"0":2,"1":16,"2":2,"3":4,"4":2},"b":{"0":[0,0],"1":[2,0],"2":[2,2,2],"3":[16],"4":[2],"5":[1,1],"6":[1,1],"7":[1,1],"8":[1,1]},"meta":{"lastBranch":9,"lastFunction":5,"lastStatement":53,"seen":{"f:35:15:35:39":0,"s:36:2:54:Infinity":0,"s:37:39:37:Infinity":1,"b:39:4:43:Infinity:undefined:undefined:undefined:undefined":0,"s:39:4:43:Infinity":2,"s:40:6:42:Infinity":3,"b:45:4:51:Infinity:undefined:undefined:undefined:undefined":1,"s:45:4:51:Infinity":4,"b:46:6:46:Infinity:47:6:47:Infinity:48:7:48:Infinity":2,"s:50:6:50:Infinity":5,"s:53:4:53:Infinity":6,"f:57:15:57:Infinity":1,"b:61:36:61:Infinity":3,"s:63:29:63:Infinity":7,"s:64:34:67:Infinity":8,"s:69:2:69:Infinity":9,"s:70:2:70:Infinity":10,"f:73:15:73:Infinity":2,"b:77:36:77:Infinity":4,"s:79:29:79:Infinity":11,"s:80:34:83:Infinity":12,"s:85:2:85:Infinity":13,"f:88:15:88:31":3,"s:89:31:89:Infinity":14,"s:91:2:91:Infinity":15,"f:94:22:94:Infinity":4,"s:97:30:97:Infinity":16,"s:98:30:98:Infinity":17,"s:99:35:99:55":18,"s:101:2:101:Infinity":19,"s:102:2:102:Infinity":20,"s:104:47:106:Infinity":21,"s:107:59:109:Infinity":22,"s:110:35:110:Infinity":23,"s:112:41:112:Infinity":24,"s:113:40:117:Infinity":25,"s:119:4:123:Infinity":26,"s:126:4:128:Infinity":27,"b:127:8:127:Infinity:128:8:128:Infinity":5,"s:131:4:141:Infinity":28,"b:139:10:139:Infinity:140:10:140:Infinity":6,"s:143:40:143:Infinity":29,"s:145:2:149:Infinity":30,"s:151:2:156:Infinity":31,"s:157:2:157:Infinity":32,"s:158:2:163:Infinity":33,"s:164:2:169:Infinity":34,"s:170:2:175:Infinity":35,"s:176:2:176:Infinity":36,"s:177:2:177:Infinity":37,"s:178:2:183:Infinity":38,"s:184:2:184:Infinity":39,"b:186:2:194:Infinity:undefined:undefined:undefined:undefined":7,"s:186:2:194:Infinity":40,"s:187:4:193:Infinity":41,"b:196:2:202:Infinity:undefined:undefined:undefined:undefined":8,"s:196:2:202:Infinity":42,"s:197:4:201:Infinity":43,"s:203:2:203:Infinity":44,"s:204:2:208:Infinity":45,"s:209:2:209:Infinity":46,"s:210:2:210:Infinity":47,"s:211:2:211:Infinity":48,"s:212:2:215:Infinity":49,"s:216:2:219:Infinity":50,"s:220:2:220:Infinity":51,"s:222:2:222:Infinity":52},"fnNames":{}}}
,"/Users/u1366581/CODE/github/monorepo/packages/framework/http/tools/create-http/src/services/formatGeneratedProjectSources.ts": {"path":"/Users/u1366581/CODE/github/monorepo/packages/framework/http/tools/create-http/src/services/formatGeneratedProjectSources.ts","statementMap":{"0":{"start":{"line":9,"column":37},"end":{"line":11,"column":null}},"1":{"start":{"line":13,"column":2},"end":{"line":15,"column":null}},"2":{"start":{"line":14,"column":38},"end":{"line":14,"column":66}},"3":{"start":{"line":15,"column":35},"end":{"line":15,"column":73}},"4":{"start":{"line":21,"column":26},"end":{"line":21,"column":null}},"5":{"start":{"line":23,"column":4},"end":{"line":23,"column":null}},"6":{"start":{"line":25,"column":2},"end":{"line":39,"column":null}},"7":{"start":{"line":27,"column":29},"end":{"line":27,"column":null}},"8":{"start":{"line":29,"column":8},"end":{"line":29,"column":null}},"9":{"start":{"line":30,"column":32},"end":{"line":33,"column":null}},"10":{"start":{"line":35,"column":6},"end":{"line":37,"column":null}},"11":{"start":{"line":36,"column":8},"end":{"line":36,"column":null}}},"fnMap":{"0":{"name":"collectTypeScriptFilePaths","decl":{"start":{"line":6,"column":15},"end":{"line":6,"column":null}},"loc":{"start":{"line":8,"column":21},"end":{"line":16,"column":null}},"line":8},"1":{"name":"(anonymous_1)","decl":{"start":{"line":14,"column":5},"end":{"line":14,"column":13}},"loc":{"start":{"line":14,"column":38},"end":{"line":14,"column":66}},"line":14},"2":{"name":"(anonymous_2)","decl":{"start":{"line":15,"column":5},"end":{"line":15,"column":10}},"loc":{"start":{"line":15,"column":35},"end":{"line":15,"column":73}},"line":15},"3":{"name":"formatGeneratedProjectSources","decl":{"start":{"line":18,"column":22},"end":{"line":18,"column":null}},"loc":{"start":{"line":20,"column":17},"end":{"line":40,"column":null}},"line":20},"4":{"name":"(anonymous_4)","decl":{"start":{"line":26,"column":28},"end":{"line":26,"column":35}},"loc":{"start":{"line":26,"column":71},"end":{"line":38,"column":5}},"line":26}},"branchMap":{"0":{"loc":{"start":{"line":35,"column":6},"end":{"line":37,"column":null}},"type":"if","locations":[{"start":{"line":35,"column":6},"end":{"line":37,"column":null}},{"start":{},"end":{}}],"line":35}},"s":{"0":3,"1":3,"2":115,"3":47,"4":3,"5":3,"6":3,"7":47,"8":47,"9":47,"10":47,"11":9},"f":{"0":3,"1":115,"2":47,"3":3,"4":47},"b":{"0":[9,38]},"meta":{"lastBranch":1,"lastFunction":5,"lastStatement":12,"seen":{"f:6:15:6:Infinity":0,"s:9:37:11:Infinity":0,"s:13:2:15:Infinity":1,"f:14:5:14:13":1,"s:14:38:14:66":2,"f:15:5:15:10":2,"s:15:35:15:73":3,"f:18:22:18:Infinity":3,"s:21:26:21:Infinity":4,"s:23:4:23:Infinity":5,"s:25:2:39:Infinity":6,"f:26:28:26:35":4,"s:27:29:27:Infinity":7,"s:29:8:29:Infinity":8,"s:30:32:33:Infinity":9,"b:35:6:37:Infinity:undefined:undefined:undefined:undefined":0,"s:35:6:37:Infinity":10,"s:36:8:36:Infinity":11},"fnNames":{}}}
,"/Users/u1366581/CODE/github/monorepo/packages/framework/http/tools/create-http/src/services/initializeGitRepository.ts": {"path":"/Users/u1366581/CODE/github/monorepo/packages/framework/http/tools/create-http/src/services/initializeGitRepository.ts","statementMap":{"0":{"start":{"line":6,"column":2},"end":{"line":12,"column":null}},"1":{"start":{"line":18,"column":2},"end":{"line":24,"column":null}},"2":{"start":{"line":26,"column":2},"end":{"line":32,"column":null}}},"fnMap":{"0":{"name":"initializeGitRepository","decl":{"start":{"line":3,"column":22},"end":{"line":3,"column":null}},"loc":{"start":{"line":5,"column":17},"end":{"line":13,"column":null}},"line":5},"1":{"name":"createInitialGitCommit","decl":{"start":{"line":15,"column":22},"end":{"line":15,"column":null}},"loc":{"start":{"line":17,"column":17},"end":{"line":33,"column":null}},"line":17}},"branchMap":{},"s":{"0":0,"1":0,"2":0},"f":{"0":0,"1":0},"b":{},"meta":{"lastBranch":0,"lastFunction":2,"lastStatement":3,"seen":{"f:3:22:3:Infinity":0,"s:6:2:12:Infinity":0,"f:15:22:15:Infinity":1,"s:18:2:24:Infinity":1,"s:26:2:32:Infinity":2},"fnNames":{}}}
,"/Users/u1366581/CODE/github/monorepo/packages/framework/http/tools/create-http/src/services/installProjectDependencies.ts": {"path":"/Users/u1366581/CODE/github/monorepo/packages/framework/http/tools/create-http/src/services/installProjectDependencies.ts","statementMap":{"0":{"start":{"line":9,"column":2},"end":{"line":9,"column":null}}},"fnMap":{"0":{"name":"installProjectDependencies","decl":{"start":{"line":5,"column":22},"end":{"line":5,"column":null}},"loc":{"start":{"line":8,"column":17},"end":{"line":10,"column":null}},"line":8}},"branchMap":{},"s":{"0":0},"f":{"0":0},"b":{},"meta":{"lastBranch":0,"lastFunction":1,"lastStatement":1,"seen":{"f:5:22:5:Infinity":0,"s:9:2:9:Infinity":0},"fnNames":{}}}
,"/Users/u1366581/CODE/github/monorepo/packages/framework/http/tools/create-http/src/services/runCommandInvocation.ts": {"path":"/Users/u1366581/CODE/github/monorepo/packages/framework/http/tools/create-http/src/services/runCommandInvocation.ts","statementMap":{"0":{"start":{"line":10,"column":33},"end":{"line":10,"column":null}},"1":{"start":{"line":11,"column":33},"end":{"line":11,"column":null}},"2":{"start":{"line":13,"column":2},"end":{"line":65,"column":null}},"3":{"start":{"line":15,"column":53},"end":{"line":24,"column":null}},"4":{"start":{"line":26,"column":6},"end":{"line":28,"column":null}},"5":{"start":{"line":27,"column":8},"end":{"line":27,"column":null}},"6":{"start":{"line":30,"column":6},"end":{"line":32,"column":null}},"7":{"start":{"line":31,"column":8},"end":{"line":31,"column":null}},"8":{"start":{"line":34,"column":6},"end":{"line":36,"column":null}},"9":{"start":{"line":35,"column":8},"end":{"line":35,"column":null}},"10":{"start":{"line":38,"column":6},"end":{"line":63,"column":null}},"11":{"start":{"line":39,"column":8},"end":{"line":42,"column":null}},"12":{"start":{"line":40,"column":10},"end":{"line":40,"column":null}},"13":{"start":{"line":41,"column":10},"end":{"line":41,"column":null}},"14":{"start":{"line":44,"column":31},"end":{"line":46,"column":null}},"15":{"start":{"line":47,"column":31},"end":{"line":49,"column":null}},"16":{"start":{"line":50,"column":32},"end":{"line":50,"column":null}},"17":{"start":{"line":51,"column":36},"end":{"line":54,"column":null}},"18":{"start":{"line":56,"column":8},"end":{"line":62,"column":null}}},"fnMap":{"0":{"name":"runCommandInvocation","decl":{"start":{"line":6,"column":22},"end":{"line":6,"column":null}},"loc":{"start":{"line":9,"column":17},"end":{"line":66,"column":null}},"line":9},"1":{"name":"(anonymous_1)","decl":{"start":{"line":13,"column":12},"end":{"line":13,"column":null}},"loc":{"start":{"line":14,"column":61},"end":{"line":64,"column":null}},"line":14},"2":{"name":"(anonymous_2)","decl":{"start":{"line":26,"column":30},"end":{"line":26,"column":39}},"loc":{"start":{"line":26,"column":57},"end":{"line":28,"column":7}},"line":26},"3":{"name":"(anonymous_3)","decl":{"start":{"line":30,"column":30},"end":{"line":30,"column":39}},"loc":{"start":{"line":30,"column":57},"end":{"line":32,"column":7}},"line":30},"4":{"name":"(anonymous_4)","decl":{"start":{"line":34,"column":22},"end":{"line":34,"column":32}},"loc":{"start":{"line":34,"column":49},"end":{"line":36,"column":7}},"line":34},"5":{"name":"(anonymous_5)","decl":{"start":{"line":38,"column":22},"end":{"line":38,"column":32}},"loc":{"start":{"line":38,"column":60},"end":{"line":63,"column":7}},"line":38}},"branchMap":{"0":{"loc":{"start":{"line":39,"column":8},"end":{"line":42,"column":null}},"type":"if","locations":[{"start":{"line":39,"column":8},"end":{"line":42,"column":null}},{"start":{},"end":{}}],"line":39},"1":{"loc":{"start":{"line":50,"column":32},"end":{"line":50,"column":null}},"type":"cond-expr","locations":[{"start":{"line":50,"column":48},"end":{"line":50,"column":57}},{"start":{"line":50,"column":57},"end":{"line":50,"column":null}}],"line":50},"2":{"loc":{"start":{"line":58,"column":12},"end":{"line":60,"column":null}},"type":"cond-expr","locations":[{"start":{"line":59,"column":16},"end":{"line":59,"column":null}},{"start":{"line":60,"column":16},"end":{"line":60,"column":null}}],"line":58}},"s":{"0":2,"1":2,"2":2,"3":2,"4":2,"5":0,"6":2,"7":1,"8":2,"9":0,"10":2,"11":2,"12":1,"13":1,"14":1,"15":1,"16":1,"17":2,"18":2},"f":{"0":2,"1":2,"2":0,"3":1,"4":0,"5":2},"b":{"0":[1,1],"1":[1,0],"2":[0,1]},"meta":{"lastBranch":3,"lastFunction":6,"lastStatement":19,"seen":{"f:6:22:6:Infinity":0,"s:10:33:10:Infinity":0,"s:11:33:11:Infinity":1,"s:13:2:65:Infinity":2,"f:13:12:13:Infinity":1,"s:15:53:24:Infinity":3,"s:26:6:28:Infinity":4,"f:26:30:26:39":2,"s:27:8:27:Infinity":5,"s:30:6:32:Infinity":6,"f:30:30:30:39":3,"s:31:8:31:Infinity":7,"s:34:6:36:Infinity":8,"f:34:22:34:32":4,"s:35:8:35:Infinity":9,"s:38:6:63:Infinity":10,"f:38:22:38:32":5,"b:39:8:42:Infinity:undefined:undefined:undefined:undefined":0,"s:39:8:42:Infinity":11,"s:40:10:40:Infinity":12,"s:41:10:41:Infinity":13,"s:44:31:46:Infinity":14,"s:47:31:49:Infinity":15,"s:50:32:50:Infinity":16,"b:50:48:50:57:50:57:50:Infinity":1,"s:51:36:54:Infinity":17,"s:56:8:62:Infinity":18,"b:59:16:59:Infinity:60:16:60:Infinity":2},"fnNames":{}}}
,"/Users/u1366581/CODE/github/monorepo/packages/framework/http/tools/create-http/src/services/writeBootstrapSourceFile.ts": {"path":"/Users/u1366581/CODE/github/monorepo/packages/framework/http/tools/create-http/src/services/writeBootstrapSourceFile.ts","statementMap":{"0":{"start":{"line":7,"column":47},"end":{"line":7,"column":null}},"1":{"start":{"line":13,"column":32},"end":{"line":16,"column":null}},"2":{"start":{"line":18,"column":2},"end":{"line":18,"column":null}},"3":{"start":{"line":19,"column":2},"end":{"line":23,"column":null}},"4":{"start":{"line":25,"column":2},"end":{"line":25,"column":null}}},"fnMap":{"0":{"name":"writeBootstrapSourceFile","decl":{"start":{"line":9,"column":22},"end":{"line":9,"column":null}},"loc":{"start":{"line":12,"column":19},"end":{"line":26,"column":null}},"line":12}},"branchMap":{},"s":{"0":2,"1":2,"2":2,"3":2,"4":2},"f":{"0":2},"b":{},"meta":{"lastBranch":0,"lastFunction":1,"lastStatement":5,"seen":{"s:7:47:7:Infinity":0,"f:9:22:9:Infinity":0,"s:13:32:16:Infinity":1,"s:18:2:18:Infinity":2,"s:19:2:23:Infinity":3,"s:25:2:25:Infinity":4},"fnNames":{}}}
,"/Users/u1366581/CODE/github/monorepo/packages/framework/http/tools/create-http/src/services/writeCommonSourceFiles.ts": {"path":"/Users/u1366581/CODE/github/monorepo/packages/framework/http/tools/create-http/src/services/writeCommonSourceFiles.ts","statementMap":{"0":{"start":{"line":6,"column":38},"end":{"line":6,"column":null}},"1":{"start":{"line":11,"column":30},"end":{"line":11,"column":null}},"2":{"start":{"line":13,"column":2},"end":{"line":13,"column":null}},"3":{"start":{"line":14,"column":2},"end":{"line":14,"column":null}}},"fnMap":{"0":{"name":"writeCommonSourceFiles","decl":{"start":{"line":8,"column":22},"end":{"line":8,"column":null}},"loc":{"start":{"line":10,"column":17},"end":{"line":15,"column":null}},"line":10}},"branchMap":{},"s":{"0":2,"1":2,"2":2,"3":2},"f":{"0":2},"b":{},"meta":{"lastBranch":0,"lastFunction":1,"lastStatement":4,"seen":{"s:6:38:6:Infinity":0,"f:8:22:8:Infinity":0,"s:11:30:11:Infinity":1,"s:13:2:13:Infinity":2,"s:14:2:14:Infinity":3},"fnNames":{}}}
,"/Users/u1366581/CODE/github/monorepo/packages/framework/http/tools/create-http/src/services/writeLoggerSourceFiles.ts": {"path":"/Users/u1366581/CODE/github/monorepo/packages/framework/http/tools/create-http/src/services/writeLoggerSourceFiles.ts","statementMap":{"0":{"start":{"line":8,"column":2},"end":{"line":8,"column":null}},"1":{"start":{"line":11,"column":2},"end":{"line":11,"column":null}},"2":{"start":{"line":16,"column":44},"end":{"line":19,"column":null}},"3":{"start":{"line":20,"column":46},"end":{"line":23,"column":null}},"4":{"start":{"line":25,"column":2},"end":{"line":25,"column":null}},"5":{"start":{"line":26,"column":2},"end":{"line":28,"column":null}},"6":{"start":{"line":30,"column":2},"end":{"line":34,"column":null}},"7":{"start":{"line":35,"column":2},"end":{"line":39,"column":null}}},"fnMap":{"0":{"name":"writeLoggerSourceFiles","decl":{"start":{"line":13,"column":22},"end":{"line":13,"column":null}},"loc":{"start":{"line":15,"column":17},"end":{"line":40,"column":null}},"line":15}},"branchMap":{},"s":{"0":2,"1":2,"2":2,"3":2,"4":2,"5":2,"6":2,"7":2},"f":{"0":2},"b":{},"meta":{"lastBranch":0,"lastFunction":1,"lastStatement":8,"seen":{"s:8:2:8:Infinity":0,"s:11:2:11:Infinity":1,"f:13:22:13:Infinity":0,"s:16:44:19:Infinity":2,"s:20:46:23:Infinity":3,"s:25:2:25:Infinity":4,"s:26:2:28:Infinity":5,"s:30:2:34:Infinity":6,"s:35:2:39:Infinity":7},"fnNames":{}}}
,"/Users/u1366581/CODE/github/monorepo/packages/framework/http/tools/create-http/src/services/writeStatusSourceFiles.ts": {"path":"/Users/u1366581/CODE/github/monorepo/packages/framework/http/tools/create-http/src/services/writeStatusSourceFiles.ts","statementMap":{"0":{"start":{"line":10,"column":76},"end":{"line":25,"column":null}},"1":{"start":{"line":30,"column":2},"end":{"line":42,"column":null}},"2":{"start":{"line":36,"column":37},"end":{"line":36,"column":null}},"3":{"start":{"line":38,"column":8},"end":{"line":38,"column":null}},"4":{"start":{"line":39,"column":8},"end":{"line":39,"column":null}}},"fnMap":{"0":{"name":"writeStatusSourceFiles","decl":{"start":{"line":27,"column":22},"end":{"line":27,"column":null}},"loc":{"start":{"line":29,"column":17},"end":{"line":43,"column":null}},"line":29},"1":{"name":"(anonymous_1)","decl":{"start":{"line":32,"column":6},"end":{"line":32,"column":13}},"loc":{"start":{"line":35,"column":27},"end":{"line":40,"column":null}},"line":35}},"branchMap":{},"s":{"0":2,"1":2,"2":10,"3":10,"4":10},"f":{"0":2,"1":10},"b":{},"meta":{"lastBranch":0,"lastFunction":2,"lastStatement":5,"seen":{"s:10:76:25:Infinity":0,"f:27:22:27:Infinity":0,"s:30:2:42:Infinity":1,"f:32:6:32:13":1,"s:36:37:36:Infinity":2,"s:38:8:38:Infinity":3,"s:39:8:39:Infinity":4},"fnNames":{}}}
,"/Users/u1366581/CODE/github/monorepo/packages/framework/http/tools/create-http/src/services/writeTodoSourceFiles.ts": {"path":"/Users/u1366581/CODE/github/monorepo/packages/framework/http/tools/create-http/src/services/writeTodoSourceFiles.ts","statementMap":{"0":{"start":{"line":19,"column":74},"end":{"line":62,"column":null}},"1":{"start":{"line":65,"column":2},"end":{"line":65,"column":null}},"2":{"start":{"line":71,"column":2},"end":{"line":96,"column":null}},"3":{"start":{"line":77,"column":37},"end":{"line":77,"column":null}},"4":{"start":{"line":79,"column":8},"end":{"line":79,"column":null}},"5":{"start":{"line":80,"column":8},"end":{"line":80,"column":null}},"6":{"start":{"line":84,"column":35},"end":{"line":87,"column":null}},"7":{"start":{"line":89,"column":6},"end":{"line":89,"column":null}},"8":{"start":{"line":90,"column":6},"end":{"line":94,"column":null}}},"fnMap":{"0":{"name":"writeTodoSourceFiles","decl":{"start":{"line":67,"column":22},"end":{"line":67,"column":null}},"loc":{"start":{"line":70,"column":17},"end":{"line":97,"column":null}},"line":70},"1":{"name":"(anonymous_1)","decl":{"start":{"line":73,"column":6},"end":{"line":73,"column":13}},"loc":{"start":{"line":76,"column":27},"end":{"line":81,"column":null}},"line":76},"2":{"name":"(anonymous_2)","decl":{"start":{"line":83,"column":5},"end":{"line":83,"column":32}},"loc":{"start":{"line":83,"column":32},"end":{"line":95,"column":5}},"line":83}},"branchMap":{},"s":{"0":2,"1":2,"2":2,"3":24,"4":24,"5":24,"6":2,"7":2,"8":2},"f":{"0":2,"1":24,"2":2},"b":{},"meta":{"lastBranch":0,"lastFunction":3,"lastStatement":9,"seen":{"s:19:74:62:Infinity":0,"s:65:2:65:Infinity":1,"f:67:22:67:Infinity":0,"s:71:2:96:Infinity":2,"f:73:6:73:13":1,"s:77:37:77:Infinity":3,"s:79:8:79:Infinity":4,"s:80:8:80:Infinity":5,"f:83:5:83:32":2,"s:84:35:87:Infinity":6,"s:89:6:89:Infinity":7,"s:90:6:94:Infinity":8},"fnNames":{}}}
}
